
  .   ____          _            __ _ _
 /\\ / ___'_ __ _ _(_)_ __  __ _ \ \ \ \
( ( )\___ | '_ | '_| | '_ \/ _` | \ \ \ \
 \\/  ___)| |_)| | | | | || (_| |  ) ) ) )
  '  |____| .__|_| |_|_| |_\__, | / / / /
 =========|_|==============|___/=/_/_/_/

 :: Spring Boot ::                (v3.5.3)

2026-07-14T14:33:19.565+09:00  INFO 6836 --- [marinboy-mybatis] [           main] c.marinboy.MarinboyMybatisApplication    : Starting MarinboyMybatisApplication v0.0.1-SNAPSHOT using Java 17.0.18 with PID 6836 (C:\Program Files\Jang_adam\AI_Full_stack\marinboy_mybatis\target\marinboy-mybatis-0.0.1-SNAPSHOT.jar started by tj-bu-703-21 in C:\Program Files\Jang_adam\AI_Full_stack\marinboy_mybatis)
2026-07-14T14:33:19.572+09:00  INFO 6836 --- [marinboy-mybatis] [           main] c.marinboy.MarinboyMybatisApplication    : No active profile set, falling back to 1 default profile: "default"
2026-07-14T14:33:22.431+09:00  INFO 6836 --- [marinboy-mybatis] [           main] o.s.b.w.embedded.tomcat.TomcatWebServer  : Tomcat initialized with port 8081 (http)
2026-07-14T14:33:22.452+09:00  INFO 6836 --- [marinboy-mybatis] [           main] o.apache.catalina.core.StandardService   : Starting service [Tomcat]
2026-07-14T14:33:22.452+09:00  INFO 6836 --- [marinboy-mybatis] [           main] o.apache.catalina.core.StandardEngine    : Starting Servlet engine: [Apache Tomcat/10.1.42]
2026-07-14T14:33:22.503+09:00  INFO 6836 --- [marinboy-mybatis] [           main] o.a.c.c.C.[Tomcat].[localhost].[/]       : Initializing Spring embedded WebApplicationContext
2026-07-14T14:33:22.505+09:00  INFO 6836 --- [marinboy-mybatis] [           main] w.s.c.ServletWebServerApplicationContext : Root WebApplicationContext: initialization completed in 2842 ms
2026-07-14T14:33:24.492+09:00  WARN 6836 --- [marinboy-mybatis] [           main] .s.s.UserDetailsServiceAutoConfiguration : 

Using generated security password: 79a5061e-503f-40a6-96ba-402c076d823a

This generated password is for development use only. Your security configuration must be updated before running your application in production.

2026-07-14T14:33:24.509+09:00  INFO 6836 --- [marinboy-mybatis] [           main] r$InitializeUserDetailsManagerConfigurer : Global AuthenticationManager configured with UserDetailsService bean with name inMemoryUserDetailsManager
2026-07-14T14:33:24.918+09:00  INFO 6836 --- [marinboy-mybatis] [           main] o.s.b.a.w.s.WelcomePageHandlerMapping    : Adding welcome page template: index
2026-07-14T14:33:26.065+09:00  INFO 6836 --- [marinboy-mybatis] [           main] o.s.b.w.embedded.tomcat.TomcatWebServer  : Tomcat started on port 8081 (http) with context path '/'
2026-07-14T14:33:26.087+09:00  INFO 6836 --- [marinboy-mybatis] [           main] c.marinboy.MarinboyMybatisApplication    : Started MarinboyMybatisApplication in 7.472 seconds (process running for 8.434)
2026-07-14T14:33:38.078+09:00  INFO 6836 --- [marinboy-mybatis] [nio-8081-exec-1] o.a.c.c.C.[Tomcat].[localhost].[/]       : Initializing Spring DispatcherServlet 'dispatcherServlet'
2026-07-14T14:33:38.079+09:00  INFO 6836 --- [marinboy-mybatis] [nio-8081-exec-1] o.s.web.servlet.DispatcherServlet        : Initializing Servlet 'dispatcherServlet'
2026-07-14T14:33:38.081+09:00  INFO 6836 --- [marinboy-mybatis] [nio-8081-exec-1] o.s.web.servlet.DispatcherServlet        : Completed initialization in 1 ms
2026-07-14T14:33:38.193+09:00  INFO 6836 --- [marinboy-mybatis] [nio-8081-exec-1] com.zaxxer.hikari.HikariDataSource       : HikariPool-1 - Starting...
2026-07-14T14:33:38.899+09:00  INFO 6836 --- [marinboy-mybatis] [nio-8081-exec-1] com.zaxxer.hikari.pool.HikariPool        : HikariPool-1 - Added connection oracle.jdbc.driver.T4CConnection@32b0f3a8
2026-07-14T14:33:38.901+09:00  INFO 6836 --- [marinboy-mybatis] [nio-8081-exec-1] com.zaxxer.hikari.HikariDataSource       : HikariPool-1 - Start completed.
