[INFO] Scanning for projects...
[INFO] 
[INFO] -------------------< com.marinboy:marinboy-mybatis >--------------------
[INFO] Building marinboy-mybatis 0.0.1-SNAPSHOT
[INFO]   from pom.xml
[INFO] --------------------------------[ jar ]---------------------------------
[INFO] 
[INFO] >>> spring-boot:3.5.3:run (default-cli) > test-compile @ marinboy-mybatis >>>
[INFO] 
[INFO] --- resources:3.3.1:resources (default-resources) @ marinboy-mybatis ---
[INFO] Copying 1 resource from src\main\resources to target\classes
[INFO] Copying 22 resources from src\main\resources to target\classes
[INFO] 
[INFO] --- compiler:3.14.0:compile (default-compile) @ marinboy-mybatis ---
[INFO] Nothing to compile - all classes are up to date.
[INFO] 
[INFO] --- resources:3.3.1:testResources (default-testResources) @ marinboy-mybatis ---
[INFO] skip non existing resourceDirectory C:\Program Files\Jang_adam\AI_Full_stack\marinboy_mybatis\src\test\resources
[INFO] 
[INFO] --- compiler:3.14.0:testCompile (default-testCompile) @ marinboy-mybatis ---
[INFO] Nothing to compile - all classes are up to date.
[INFO] 
[INFO] <<< spring-boot:3.5.3:run (default-cli) < test-compile @ marinboy-mybatis <<<
[INFO] 
[INFO] 
[INFO] --- spring-boot:3.5.3:run (default-cli) @ marinboy-mybatis ---
[INFO] Attaching agents: []

  .   ____          _            __ _ _
 /\\ / ___'_ __ _ _(_)_ __  __ _ \ \ \ \
( ( )\___ | '_ | '_| | '_ \/ _` | \ \ \ \
 \\/  ___)| |_)| | | | | || (_| |  ) ) ) )
  '  |____| .__|_| |_|_| |_\__, | / / / /
 =========|_|==============|___/=/_/_/_/

 :: Spring Boot ::                (v3.5.3)

2026-07-10T16:13:33.023+09:00  INFO 10892 --- [marinboy-mybatis] [           main] c.marinboy.MarinboyMybatisApplication    : Starting MarinboyMybatisApplication using Java 17.0.18 with PID 10892 (C:\Program Files\Jang_adam\AI_Full_stack\marinboy_mybatis\target\classes started by tj-bu-703-21 in C:\Program Files\Jang_adam\AI_Full_stack\marinboy_mybatis)
2026-07-10T16:13:33.026+09:00 DEBUG 10892 --- [marinboy-mybatis] [           main] c.marinboy.MarinboyMybatisApplication    : Running with Spring Boot v3.5.3, Spring v6.2.8
2026-07-10T16:13:33.027+09:00  INFO 10892 --- [marinboy-mybatis] [           main] c.marinboy.MarinboyMybatisApplication    : No active profile set, falling back to 1 default profile: "default"
2026-07-10T16:13:35.082+09:00  INFO 10892 --- [marinboy-mybatis] [           main] o.s.b.w.embedded.tomcat.TomcatWebServer  : Tomcat initialized with port 8081 (http)
2026-07-10T16:13:35.124+09:00  INFO 10892 --- [marinboy-mybatis] [           main] o.apache.catalina.core.StandardService   : Starting service [Tomcat]
2026-07-10T16:13:35.124+09:00  INFO 10892 --- [marinboy-mybatis] [           main] o.apache.catalina.core.StandardEngine    : Starting Servlet engine: [Apache Tomcat/10.1.42]
2026-07-10T16:13:35.211+09:00  INFO 10892 --- [marinboy-mybatis] [           main] o.a.c.c.C.[Tomcat].[localhost].[/]       : Initializing Spring embedded WebApplicationContext
2026-07-10T16:13:35.212+09:00  INFO 10892 --- [marinboy-mybatis] [           main] w.s.c.ServletWebServerApplicationContext : Root WebApplicationContext: initialization completed in 2112 ms
2026-07-10T16:13:35.902+09:00  INFO 10892 --- [marinboy-mybatis] [           main] o.s.b.a.w.s.WelcomePageHandlerMapping    : Adding welcome page template: index
2026-07-10T16:13:36.596+09:00  WARN 10892 --- [marinboy-mybatis] [           main] ConfigServletWebServerApplicationContext : Exception encountered during context initialization - cancelling refresh attempt: org.springframework.context.ApplicationContextException: Failed to start bean 'webServerStartStop'
2026-07-10T16:13:36.616+09:00  INFO 10892 --- [marinboy-mybatis] [           main] .s.b.a.l.ConditionEvaluationReportLogger : 

Error starting ApplicationContext. To display the condition evaluation report re-run your application with 'debug' enabled.
2026-07-10T16:13:36.643+09:00 ERROR 10892 --- [marinboy-mybatis] [           main] o.s.b.d.LoggingFailureAnalysisReporter   : 

***************************
APPLICATION FAILED TO START
***************************

Description:

Web server failed to start. Port 8081 was already in use.

Action:

Identify and stop the process that's listening on port 8081 or configure this application to listen on another port.

[INFO] ------------------------------------------------------------------------
[INFO] BUILD FAILURE
[INFO] ------------------------------------------------------------------------
[INFO] Total time:  8.630 s
[INFO] Finished at: 2026-07-10T16:13:36+09:00
[INFO] ------------------------------------------------------------------------
[ERROR] Failed to execute goal org.springframework.boot:spring-boot-maven-plugin:3.5.3:run (default-cli) on project marinboy-mybatis: Process terminated with exit code: 1 -> [Help 1]
[ERROR] 
[ERROR] To see the full stack trace of the errors, re-run Maven with the -e switch.
[ERROR] Re-run Maven using the -X switch to enable full debug logging.
[ERROR] 
[ERROR] For more information about the errors and possible solutions, please read the following articles:
[ERROR] [Help 1] http://cwiki.apache.org/confluence/display/MAVEN/MojoExecutionException
