[INFO] Scanning for projects...
[INFO] 
[INFO] -------------------< com.marinboy:marinboy-mybatis >--------------------
[INFO] Building marinboy-mybatis 0.0.1-SNAPSHOT
[INFO]   from pom.xml
[INFO] --------------------------------[ jar ]---------------------------------
[INFO] 
[INFO] >>> spring-boot:3.5.3:run (default-cli) > test-compile @ marinboy-mybatis >>>
[INFO] 
[INFO] --- resources:3.3.1:resources (default-resources) @ marinboy-mybatis ---
[INFO] Copying 1 resource from src\main\resources to target\classes
[INFO] Copying 22 resources from src\main\resources to target\classes
[INFO] 
[INFO] --- compiler:3.14.0:compile (default-compile) @ marinboy-mybatis ---
[INFO] Nothing to compile - all classes are up to date.
[INFO] 
[INFO] --- resources:3.3.1:testResources (default-testResources) @ marinboy-mybatis ---
[INFO] skip non existing resourceDirectory C:\Program Files\Jang_adam\AI_Full_stack\marinboy_mybatis\src\test\resources
[INFO] 
[INFO] --- compiler:3.14.0:testCompile (default-testCompile) @ marinboy-mybatis ---
[INFO] Nothing to compile - all classes are up to date.
[INFO] 
[INFO] <<< spring-boot:3.5.3:run (default-cli) < test-compile @ marinboy-mybatis <<<
[INFO] 
[INFO] 
[INFO] --- spring-boot:3.5.3:run (default-cli) @ marinboy-mybatis ---
[INFO] Attaching agents: []

  .   ____          _            __ _ _
 /\\ / ___'_ __ _ _(_)_ __  __ _ \ \ \ \
( ( )\___ | '_ | '_| | '_ \/ _` | \ \ \ \
 \\/  ___)| |_)| | | | | || (_| |  ) ) ) )
  '  |____| .__|_| |_|_| |_\__, | / / / /
 =========|_|==============|___/=/_/_/_/

 :: Spring Boot ::                (v3.5.3)

2026-07-10T16:14:59.392+09:00  INFO 18936 --- [marinboy-mybatis] [           main] c.marinboy.MarinboyMybatisApplication    : Starting MarinboyMybatisApplication using Java 17.0.18 with PID 18936 (C:\Program Files\Jang_adam\AI_Full_stack\marinboy_mybatis\target\classes started by tj-bu-703-21 in C:\Program Files\Jang_adam\AI_Full_stack\marinboy_mybatis)
2026-07-10T16:14:59.395+09:00 DEBUG 18936 --- [marinboy-mybatis] [           main] c.marinboy.MarinboyMybatisApplication    : Running with Spring Boot v3.5.3, Spring v6.2.8
2026-07-10T16:14:59.396+09:00  INFO 18936 --- [marinboy-mybatis] [           main] c.marinboy.MarinboyMybatisApplication    : No active profile set, falling back to 1 default profile: "default"
2026-07-10T16:15:01.352+09:00  INFO 18936 --- [marinboy-mybatis] [           main] o.s.b.w.embedded.tomcat.TomcatWebServer  : Tomcat initialized with port 8082 (http)
2026-07-10T16:15:01.378+09:00  INFO 18936 --- [marinboy-mybatis] [           main] o.apache.catalina.core.StandardService   : Starting service [Tomcat]
2026-07-10T16:15:01.378+09:00  INFO 18936 --- [marinboy-mybatis] [           main] o.apache.catalina.core.StandardEngine    : Starting Servlet engine: [Apache Tomcat/10.1.42]
2026-07-10T16:15:01.455+09:00  INFO 18936 --- [marinboy-mybatis] [           main] o.a.c.c.C.[Tomcat].[localhost].[/]       : Initializing Spring embedded WebApplicationContext
2026-07-10T16:15:01.456+09:00  INFO 18936 --- [marinboy-mybatis] [           main] w.s.c.ServletWebServerApplicationContext : Root WebApplicationContext: initialization completed in 1988 ms
2026-07-10T16:15:02.128+09:00  INFO 18936 --- [marinboy-mybatis] [           main] o.s.b.a.w.s.WelcomePageHandlerMapping    : Adding welcome page template: index
2026-07-10T16:15:02.818+09:00  INFO 18936 --- [marinboy-mybatis] [           main] o.s.b.w.embedded.tomcat.TomcatWebServer  : Tomcat started on port 8082 (http) with context path '/'
2026-07-10T16:15:02.831+09:00  INFO 18936 --- [marinboy-mybatis] [           main] c.marinboy.MarinboyMybatisApplication    : Started MarinboyMybatisApplication in 4.1 seconds (process running for 4.62)
2026-07-10T16:15:07.539+09:00  INFO 18936 --- [marinboy-mybatis] [nio-8082-exec-1] o.a.c.c.C.[Tomcat].[localhost].[/]       : Initializing Spring DispatcherServlet 'dispatcherServlet'
2026-07-10T16:15:07.540+09:00  INFO 18936 --- [marinboy-mybatis] [nio-8082-exec-1] o.s.web.servlet.DispatcherServlet        : Initializing Servlet 'dispatcherServlet'
2026-07-10T16:15:07.542+09:00  INFO 18936 --- [marinboy-mybatis] [nio-8082-exec-1] o.s.web.servlet.DispatcherServlet        : Completed initialization in 2 ms
2026-07-10T16:16:19.136+09:00  INFO 18936 --- [marinboy-mybatis] [nio-8082-exec-5] com.zaxxer.hikari.HikariDataSource       : HikariPool-1 - Starting...
2026-07-10T16:16:19.631+09:00  INFO 18936 --- [marinboy-mybatis] [nio-8082-exec-5] com.zaxxer.hikari.pool.HikariPool        : HikariPool-1 - Added connection oracle.jdbc.driver.T4CConnection@7ef5a041
2026-07-10T16:16:19.633+09:00  INFO 18936 --- [marinboy-mybatis] [nio-8082-exec-5] com.zaxxer.hikari.HikariDataSource       : HikariPool-1 - Start completed.
2026-07-10T16:16:19.643+09:00 DEBUG 18936 --- [marinboy-mybatis] [nio-8082-exec-5] c.m.dao.SalonServiceDao.findAllServices  : ==>  Preparing: SELECT ID, NAME, CATEGORY, DURATION_MINUTES, PRICE, DESCRIPTION, TOP_RANK FROM MB_SERVICE_ITEM ORDER BY NVL(TOP_RANK, 99), ID
2026-07-10T16:16:19.805+09:00 DEBUG 18936 --- [marinboy-mybatis] [nio-8082-exec-5] c.m.dao.SalonServiceDao.findAllServices  : ==> Parameters: 
2026-07-10T16:16:20.080+09:00 DEBUG 18936 --- [marinboy-mybatis] [nio-8082-exec-5] c.m.dao.SalonServiceDao.findAllServices  : <==      Total: 6
2026-07-10T16:16:20.091+09:00 DEBUG 18936 --- [marinboy-mybatis] [nio-8082-exec-5] c.m.d.S.findAllServiceImages             : ==>  Preparing: SELECT SERVICE_ID, IMAGE_URL, IMAGE_TYPE FROM MB_SERVICE_IMAGE ORDER BY SERVICE_ID, IMAGE_TYPE DESC, SORT_ORDER, ID
2026-07-10T16:16:20.092+09:00 DEBUG 18936 --- [marinboy-mybatis] [nio-8082-exec-5] c.m.d.S.findAllServiceImages             : ==> Parameters: 
2026-07-10T16:16:20.094+09:00 DEBUG 18936 --- [marinboy-mybatis] [nio-8082-exec-5] c.m.d.S.findAllServiceImages             : <==      Total: 7
2026-07-10T16:16:20.826+09:00 DEBUG 18936 --- [marinboy-mybatis] [nio-8082-exec-6] c.m.dao.SalonServiceDao.findAllServices  : ==>  Preparing: SELECT ID, NAME, CATEGORY, DURATION_MINUTES, PRICE, DESCRIPTION, TOP_RANK FROM MB_SERVICE_ITEM ORDER BY NVL(TOP_RANK, 99), ID
2026-07-10T16:16:20.826+09:00 DEBUG 18936 --- [marinboy-mybatis] [nio-8082-exec-6] c.m.dao.SalonServiceDao.findAllServices  : ==> Parameters: 
2026-07-10T16:16:20.830+09:00 DEBUG 18936 --- [marinboy-mybatis] [nio-8082-exec-6] c.m.dao.SalonServiceDao.findAllServices  : <==      Total: 6
2026-07-10T16:16:20.831+09:00 DEBUG 18936 --- [marinboy-mybatis] [nio-8082-exec-6] c.m.d.S.findAllServiceImages             : ==>  Preparing: SELECT SERVICE_ID, IMAGE_URL, IMAGE_TYPE FROM MB_SERVICE_IMAGE ORDER BY SERVICE_ID, IMAGE_TYPE DESC, SORT_ORDER, ID
2026-07-10T16:16:20.832+09:00 DEBUG 18936 --- [marinboy-mybatis] [nio-8082-exec-6] c.m.d.S.findAllServiceImages             : ==> Parameters: 
2026-07-10T16:16:20.835+09:00 DEBUG 18936 --- [marinboy-mybatis] [nio-8082-exec-6] c.m.d.S.findAllServiceImages             : <==      Total: 7
2026-07-10T16:16:20.957+09:00 DEBUG 18936 --- [marinboy-mybatis] [nio-8082-exec-9] c.m.d.SalonReservationDao.countHoliday   : ==>  Preparing: SELECT COUNT(*) FROM MB_HOLIDAY WHERE HOLIDAY_DATE = ?
2026-07-10T16:16:20.961+09:00 DEBUG 18936 --- [marinboy-mybatis] [nio-8082-exec-9] c.m.d.SalonReservationDao.countHoliday   : ==> Parameters: 2026-07-11(LocalDate)
2026-07-10T16:16:20.970+09:00 DEBUG 18936 --- [marinboy-mybatis] [nio-8082-exec-9] c.m.d.SalonReservationDao.countHoliday   : <==      Total: 1
2026-07-10T16:16:20.971+09:00 DEBUG 18936 --- [marinboy-mybatis] [nio-8082-exec-9] c.m.d.S.findDurationMinutesById          : ==>  Preparing: SELECT DURATION_MINUTES FROM MB_SERVICE_ITEM WHERE ID = ?
2026-07-10T16:16:20.973+09:00 DEBUG 18936 --- [marinboy-mybatis] [nio-8082-exec-9] c.m.d.S.findDurationMinutesById          : ==> Parameters: 1(Long)
2026-07-10T16:16:20.980+09:00 DEBUG 18936 --- [marinboy-mybatis] [nio-8082-exec-9] c.m.d.S.findDurationMinutesById          : <==      Total: 1
2026-07-10T16:16:20.981+09:00 DEBUG 18936 --- [marinboy-mybatis] [nio-8082-exec-9] c.m.d.S.countOverlappingReservation      : ==>  Preparing: SELECT COUNT(*) FROM MB_RESERVATION R JOIN MB_SERVICE_ITEM EXISTING_SERVICE ON EXISTING_SERVICE.ID = R.SERVICE_ID JOIN MB_SERVICE_ITEM NEW_SERVICE ON NEW_SERVICE.ID = ? WHERE R.STATUS IN ('REQUESTED', 'CONFIRMED') AND R.RESERVATION_DATE_TIME < ? + NUMTODSINTERVAL(NEW_SERVICE.DURATION_MINUTES, 'MINUTE') AND R.RESERVATION_DATE_TIME + NUMTODSINTERVAL(EXISTING_SERVICE.DURATION_MINUTES, 'MINUTE') > ?
2026-07-10T16:16:20.982+09:00 DEBUG 18936 --- [marinboy-mybatis] [nio-8082-exec-9] c.m.d.S.countOverlappingReservation      : ==> Parameters: 1(Long), 2026-07-11T10:00(LocalDateTime), 2026-07-11T10:00(LocalDateTime)
2026-07-10T16:16:20.988+09:00 DEBUG 18936 --- [marinboy-mybatis] [nio-8082-exec-9] c.m.d.S.countOverlappingReservation      : <==      Total: 1
2026-07-10T16:16:20.989+09:00 DEBUG 18936 --- [marinboy-mybatis] [nio-8082-exec-9] c.m.d.S.countOverlappingReservation      : ==>  Preparing: SELECT COUNT(*) FROM MB_RESERVATION R JOIN MB_SERVICE_ITEM EXISTING_SERVICE ON EXISTING_SERVICE.ID = R.SERVICE_ID JOIN MB_SERVICE_ITEM NEW_SERVICE ON NEW_SERVICE.ID = ? WHERE R.STATUS IN ('REQUESTED', 'CONFIRMED') AND R.RESERVATION_DATE_TIME < ? + NUMTODSINTERVAL(NEW_SERVICE.DURATION_MINUTES, 'MINUTE') AND R.RESERVATION_DATE_TIME + NUMTODSINTERVAL(EXISTING_SERVICE.DURATION_MINUTES, 'MINUTE') > ?
2026-07-10T16:16:20.990+09:00 DEBUG 18936 --- [marinboy-mybatis] [nio-8082-exec-9] c.m.d.S.countOverlappingReservation      : ==> Parameters: 1(Long), 2026-07-11T10:30(LocalDateTime), 2026-07-11T10:30(LocalDateTime)
2026-07-10T16:16:20.991+09:00 DEBUG 18936 --- [marinboy-mybatis] [nio-8082-exec-9] c.m.d.S.countOverlappingReservation      : <==      Total: 1
2026-07-10T16:16:20.992+09:00 DEBUG 18936 --- [marinboy-mybatis] [nio-8082-exec-9] c.m.d.S.countOverlappingReservation      : ==>  Preparing: SELECT COUNT(*) FROM MB_RESERVATION R JOIN MB_SERVICE_ITEM EXISTING_SERVICE ON EXISTING_SERVICE.ID = R.SERVICE_ID JOIN MB_SERVICE_ITEM NEW_SERVICE ON NEW_SERVICE.ID = ? WHERE R.STATUS IN ('REQUESTED', 'CONFIRMED') AND R.RESERVATION_DATE_TIME < ? + NUMTODSINTERVAL(NEW_SERVICE.DURATION_MINUTES, 'MINUTE') AND R.RESERVATION_DATE_TIME + NUMTODSINTERVAL(EXISTING_SERVICE.DURATION_MINUTES, 'MINUTE') > ?
2026-07-10T16:16:20.992+09:00 DEBUG 18936 --- [marinboy-mybatis] [nio-8082-exec-9] c.m.d.S.countOverlappingReservation      : ==> Parameters: 1(Long), 2026-07-11T11:00(LocalDateTime), 2026-07-11T11:00(LocalDateTime)
2026-07-10T16:16:20.994+09:00 DEBUG 18936 --- [marinboy-mybatis] [nio-8082-exec-9] c.m.d.S.countOverlappingReservation      : <==      Total: 1
2026-07-10T16:16:20.994+09:00 DEBUG 18936 --- [marinboy-mybatis] [nio-8082-exec-9] c.m.d.S.countOverlappingReservation      : ==>  Preparing: SELECT COUNT(*) FROM MB_RESERVATION R JOIN MB_SERVICE_ITEM EXISTING_SERVICE ON EXISTING_SERVICE.ID = R.SERVICE_ID JOIN MB_SERVICE_ITEM NEW_SERVICE ON NEW_SERVICE.ID = ? WHERE R.STATUS IN ('REQUESTED', 'CONFIRMED') AND R.RESERVATION_DATE_TIME < ? + NUMTODSINTERVAL(NEW_SERVICE.DURATION_MINUTES, 'MINUTE') AND R.RESERVATION_DATE_TIME + NUMTODSINTERVAL(EXISTING_SERVICE.DURATION_MINUTES, 'MINUTE') > ?
2026-07-10T16:16:20.995+09:00 DEBUG 18936 --- [marinboy-mybatis] [nio-8082-exec-9] c.m.d.S.countOverlappingReservation      : ==> Parameters: 1(Long), 2026-07-11T11:30(LocalDateTime), 2026-07-11T11:30(LocalDateTime)
2026-07-10T16:16:20.997+09:00 DEBUG 18936 --- [marinboy-mybatis] [nio-8082-exec-9] c.m.d.S.countOverlappingReservation      : <==      Total: 1
2026-07-10T16:16:20.997+09:00 DEBUG 18936 --- [marinboy-mybatis] [nio-8082-exec-9] c.m.d.S.countOverlappingReservation      : ==>  Preparing: SELECT COUNT(*) FROM MB_RESERVATION R JOIN MB_SERVICE_ITEM EXISTING_SERVICE ON EXISTING_SERVICE.ID = R.SERVICE_ID JOIN MB_SERVICE_ITEM NEW_SERVICE ON NEW_SERVICE.ID = ? WHERE R.STATUS IN ('REQUESTED', 'CONFIRMED') AND R.RESERVATION_DATE_TIME < ? + NUMTODSINTERVAL(NEW_SERVICE.DURATION_MINUTES, 'MINUTE') AND R.RESERVATION_DATE_TIME + NUMTODSINTERVAL(EXISTING_SERVICE.DURATION_MINUTES, 'MINUTE') > ?
2026-07-10T16:16:20.998+09:00 DEBUG 18936 --- [marinboy-mybatis] [nio-8082-exec-9] c.m.d.S.countOverlappingReservation      : ==> Parameters: 1(Long), 2026-07-11T12:00(LocalDateTime), 2026-07-11T12:00(LocalDateTime)
2026-07-10T16:16:20.999+09:00 DEBUG 18936 --- [marinboy-mybatis] [nio-8082-exec-9] c.m.d.S.countOverlappingReservation      : <==      Total: 1
2026-07-10T16:16:21.001+09:00 DEBUG 18936 --- [marinboy-mybatis] [nio-8082-exec-9] c.m.d.S.countOverlappingReservation      : ==>  Preparing: SELECT COUNT(*) FROM MB_RESERVATION R JOIN MB_SERVICE_ITEM EXISTING_SERVICE ON EXISTING_SERVICE.ID = R.SERVICE_ID JOIN MB_SERVICE_ITEM NEW_SERVICE ON NEW_SERVICE.ID = ? WHERE R.STATUS IN ('REQUESTED', 'CONFIRMED') AND R.RESERVATION_DATE_TIME < ? + NUMTODSINTERVAL(NEW_SERVICE.DURATION_MINUTES, 'MINUTE') AND R.RESERVATION_DATE_TIME + NUMTODSINTERVAL(EXISTING_SERVICE.DURATION_MINUTES, 'MINUTE') > ?
2026-07-10T16:16:21.002+09:00 DEBUG 18936 --- [marinboy-mybatis] [nio-8082-exec-9] c.m.d.S.countOverlappingReservation      : ==> Parameters: 1(Long), 2026-07-11T12:30(LocalDateTime), 2026-07-11T12:30(LocalDateTime)
2026-07-10T16:16:21.004+09:00 DEBUG 18936 --- [marinboy-mybatis] [nio-8082-exec-9] c.m.d.S.countOverlappingReservation      : <==      Total: 1
2026-07-10T16:16:21.004+09:00 DEBUG 18936 --- [marinboy-mybatis] [nio-8082-exec-9] c.m.d.S.countOverlappingReservation      : ==>  Preparing: SELECT COUNT(*) FROM MB_RESERVATION R JOIN MB_SERVICE_ITEM EXISTING_SERVICE ON EXISTING_SERVICE.ID = R.SERVICE_ID JOIN MB_SERVICE_ITEM NEW_SERVICE ON NEW_SERVICE.ID = ? WHERE R.STATUS IN ('REQUESTED', 'CONFIRMED') AND R.RESERVATION_DATE_TIME < ? + NUMTODSINTERVAL(NEW_SERVICE.DURATION_MINUTES, 'MINUTE') AND R.RESERVATION_DATE_TIME + NUMTODSINTERVAL(EXISTING_SERVICE.DURATION_MINUTES, 'MINUTE') > ?
2026-07-10T16:16:21.005+09:00 DEBUG 18936 --- [marinboy-mybatis] [nio-8082-exec-9] c.m.d.S.countOverlappingReservation      : ==> Parameters: 1(Long), 2026-07-11T13:00(LocalDateTime), 2026-07-11T13:00(LocalDateTime)
2026-07-10T16:16:21.007+09:00 DEBUG 18936 --- [marinboy-mybatis] [nio-8082-exec-9] c.m.d.S.countOverlappingReservation      : <==      Total: 1
2026-07-10T16:16:21.007+09:00 DEBUG 18936 --- [marinboy-mybatis] [nio-8082-exec-9] c.m.d.S.countOverlappingReservation      : ==>  Preparing: SELECT COUNT(*) FROM MB_RESERVATION R JOIN MB_SERVICE_ITEM EXISTING_SERVICE ON EXISTING_SERVICE.ID = R.SERVICE_ID JOIN MB_SERVICE_ITEM NEW_SERVICE ON NEW_SERVICE.ID = ? WHERE R.STATUS IN ('REQUESTED', 'CONFIRMED') AND R.RESERVATION_DATE_TIME < ? + NUMTODSINTERVAL(NEW_SERVICE.DURATION_MINUTES, 'MINUTE') AND R.RESERVATION_DATE_TIME + NUMTODSINTERVAL(EXISTING_SERVICE.DURATION_MINUTES, 'MINUTE') > ?
2026-07-10T16:16:21.008+09:00 DEBUG 18936 --- [marinboy-mybatis] [nio-8082-exec-9] c.m.d.S.countOverlappingReservation      : ==> Parameters: 1(Long), 2026-07-11T13:30(LocalDateTime), 2026-07-11T13:30(LocalDateTime)
2026-07-10T16:16:21.010+09:00 DEBUG 18936 --- [marinboy-mybatis] [nio-8082-exec-9] c.m.d.S.countOverlappingReservation      : <==      Total: 1
2026-07-10T16:16:21.011+09:00 DEBUG 18936 --- [marinboy-mybatis] [nio-8082-exec-9] c.m.d.S.countOverlappingReservation      : ==>  Preparing: SELECT COUNT(*) FROM MB_RESERVATION R JOIN MB_SERVICE_ITEM EXISTING_SERVICE ON EXISTING_SERVICE.ID = R.SERVICE_ID JOIN MB_SERVICE_ITEM NEW_SERVICE ON NEW_SERVICE.ID = ? WHERE R.STATUS IN ('REQUESTED', 'CONFIRMED') AND R.RESERVATION_DATE_TIME < ? + NUMTODSINTERVAL(NEW_SERVICE.DURATION_MINUTES, 'MINUTE') AND R.RESERVATION_DATE_TIME + NUMTODSINTERVAL(EXISTING_SERVICE.DURATION_MINUTES, 'MINUTE') > ?
2026-07-10T16:16:21.012+09:00 DEBUG 18936 --- [marinboy-mybatis] [nio-8082-exec-9] c.m.d.S.countOverlappingReservation      : ==> Parameters: 1(Long), 2026-07-11T14:00(LocalDateTime), 2026-07-11T14:00(LocalDateTime)
2026-07-10T16:16:21.014+09:00 DEBUG 18936 --- [marinboy-mybatis] [nio-8082-exec-9] c.m.d.S.countOverlappingReservation      : <==      Total: 1
2026-07-10T16:16:21.015+09:00 DEBUG 18936 --- [marinboy-mybatis] [nio-8082-exec-9] c.m.d.S.countOverlappingReservation      : ==>  Preparing: SELECT COUNT(*) FROM MB_RESERVATION R JOIN MB_SERVICE_ITEM EXISTING_SERVICE ON EXISTING_SERVICE.ID = R.SERVICE_ID JOIN MB_SERVICE_ITEM NEW_SERVICE ON NEW_SERVICE.ID = ? WHERE R.STATUS IN ('REQUESTED', 'CONFIRMED') AND R.RESERVATION_DATE_TIME < ? + NUMTODSINTERVAL(NEW_SERVICE.DURATION_MINUTES, 'MINUTE') AND R.RESERVATION_DATE_TIME + NUMTODSINTERVAL(EXISTING_SERVICE.DURATION_MINUTES, 'MINUTE') > ?
2026-07-10T16:16:21.016+09:00 DEBUG 18936 --- [marinboy-mybatis] [nio-8082-exec-9] c.m.d.S.countOverlappingReservation      : ==> Parameters: 1(Long), 2026-07-11T14:30(LocalDateTime), 2026-07-11T14:30(LocalDateTime)
2026-07-10T16:16:21.020+09:00 DEBUG 18936 --- [marinboy-mybatis] [nio-8082-exec-9] c.m.d.S.countOverlappingReservation      : <==      Total: 1
2026-07-10T16:16:21.021+09:00 DEBUG 18936 --- [marinboy-mybatis] [nio-8082-exec-9] c.m.d.S.countOverlappingReservation      : ==>  Preparing: SELECT COUNT(*) FROM MB_RESERVATION R JOIN MB_SERVICE_ITEM EXISTING_SERVICE ON EXISTING_SERVICE.ID = R.SERVICE_ID JOIN MB_SERVICE_ITEM NEW_SERVICE ON NEW_SERVICE.ID = ? WHERE R.STATUS IN ('REQUESTED', 'CONFIRMED') AND R.RESERVATION_DATE_TIME < ? + NUMTODSINTERVAL(NEW_SERVICE.DURATION_MINUTES, 'MINUTE') AND R.RESERVATION_DATE_TIME + NUMTODSINTERVAL(EXISTING_SERVICE.DURATION_MINUTES, 'MINUTE') > ?
2026-07-10T16:16:21.022+09:00 DEBUG 18936 --- [marinboy-mybatis] [nio-8082-exec-9] c.m.d.S.countOverlappingReservation      : ==> Parameters: 1(Long), 2026-07-11T15:00(LocalDateTime), 2026-07-11T15:00(LocalDateTime)
2026-07-10T16:16:21.023+09:00 DEBUG 18936 --- [marinboy-mybatis] [nio-8082-exec-9] c.m.d.S.countOverlappingReservation      : <==      Total: 1
2026-07-10T16:16:21.024+09:00 DEBUG 18936 --- [marinboy-mybatis] [nio-8082-exec-9] c.m.d.S.countOverlappingReservation      : ==>  Preparing: SELECT COUNT(*) FROM MB_RESERVATION R JOIN MB_SERVICE_ITEM EXISTING_SERVICE ON EXISTING_SERVICE.ID = R.SERVICE_ID JOIN MB_SERVICE_ITEM NEW_SERVICE ON NEW_SERVICE.ID = ? WHERE R.STATUS IN ('REQUESTED', 'CONFIRMED') AND R.RESERVATION_DATE_TIME < ? + NUMTODSINTERVAL(NEW_SERVICE.DURATION_MINUTES, 'MINUTE') AND R.RESERVATION_DATE_TIME + NUMTODSINTERVAL(EXISTING_SERVICE.DURATION_MINUTES, 'MINUTE') > ?
2026-07-10T16:16:21.025+09:00 DEBUG 18936 --- [marinboy-mybatis] [nio-8082-exec-9] c.m.d.S.countOverlappingReservation      : ==> Parameters: 1(Long), 2026-07-11T15:30(LocalDateTime), 2026-07-11T15:30(LocalDateTime)
2026-07-10T16:16:21.026+09:00 DEBUG 18936 --- [marinboy-mybatis] [nio-8082-exec-9] c.m.d.S.countOverlappingReservation      : <==      Total: 1
2026-07-10T16:16:21.028+09:00 DEBUG 18936 --- [marinboy-mybatis] [nio-8082-exec-9] c.m.d.S.countOverlappingReservation      : ==>  Preparing: SELECT COUNT(*) FROM MB_RESERVATION R JOIN MB_SERVICE_ITEM EXISTING_SERVICE ON EXISTING_SERVICE.ID = R.SERVICE_ID JOIN MB_SERVICE_ITEM NEW_SERVICE ON NEW_SERVICE.ID = ? WHERE R.STATUS IN ('REQUESTED', 'CONFIRMED') AND R.RESERVATION_DATE_TIME < ? + NUMTODSINTERVAL(NEW_SERVICE.DURATION_MINUTES, 'MINUTE') AND R.RESERVATION_DATE_TIME + NUMTODSINTERVAL(EXISTING_SERVICE.DURATION_MINUTES, 'MINUTE') > ?
2026-07-10T16:16:21.028+09:00 DEBUG 18936 --- [marinboy-mybatis] [nio-8082-exec-9] c.m.d.S.countOverlappingReservation      : ==> Parameters: 1(Long), 2026-07-11T16:00(LocalDateTime), 2026-07-11T16:00(LocalDateTime)
2026-07-10T16:16:21.030+09:00 DEBUG 18936 --- [marinboy-mybatis] [nio-8082-exec-9] c.m.d.S.countOverlappingReservation      : <==      Total: 1
2026-07-10T16:16:21.031+09:00 DEBUG 18936 --- [marinboy-mybatis] [nio-8082-exec-9] c.m.d.S.countOverlappingReservation      : ==>  Preparing: SELECT COUNT(*) FROM MB_RESERVATION R JOIN MB_SERVICE_ITEM EXISTING_SERVICE ON EXISTING_SERVICE.ID = R.SERVICE_ID JOIN MB_SERVICE_ITEM NEW_SERVICE ON NEW_SERVICE.ID = ? WHERE R.STATUS IN ('REQUESTED', 'CONFIRMED') AND R.RESERVATION_DATE_TIME < ? + NUMTODSINTERVAL(NEW_SERVICE.DURATION_MINUTES, 'MINUTE') AND R.RESERVATION_DATE_TIME + NUMTODSINTERVAL(EXISTING_SERVICE.DURATION_MINUTES, 'MINUTE') > ?
2026-07-10T16:16:21.032+09:00 DEBUG 18936 --- [marinboy-mybatis] [nio-8082-exec-9] c.m.d.S.countOverlappingReservation      : ==> Parameters: 1(Long), 2026-07-11T16:30(LocalDateTime), 2026-07-11T16:30(LocalDateTime)
2026-07-10T16:16:21.035+09:00 DEBUG 18936 --- [marinboy-mybatis] [nio-8082-exec-9] c.m.d.S.countOverlappingReservation      : <==      Total: 1
2026-07-10T16:16:21.035+09:00 DEBUG 18936 --- [marinboy-mybatis] [nio-8082-exec-9] c.m.d.S.countOverlappingReservation      : ==>  Preparing: SELECT COUNT(*) FROM MB_RESERVATION R JOIN MB_SERVICE_ITEM EXISTING_SERVICE ON EXISTING_SERVICE.ID = R.SERVICE_ID JOIN MB_SERVICE_ITEM NEW_SERVICE ON NEW_SERVICE.ID = ? WHERE R.STATUS IN ('REQUESTED', 'CONFIRMED') AND R.RESERVATION_DATE_TIME < ? + NUMTODSINTERVAL(NEW_SERVICE.DURATION_MINUTES, 'MINUTE') AND R.RESERVATION_DATE_TIME + NUMTODSINTERVAL(EXISTING_SERVICE.DURATION_MINUTES, 'MINUTE') > ?
2026-07-10T16:16:21.036+09:00 DEBUG 18936 --- [marinboy-mybatis] [nio-8082-exec-9] c.m.d.S.countOverlappingReservation      : ==> Parameters: 1(Long), 2026-07-11T17:00(LocalDateTime), 2026-07-11T17:00(LocalDateTime)
2026-07-10T16:16:21.039+09:00 DEBUG 18936 --- [marinboy-mybatis] [nio-8082-exec-9] c.m.d.S.countOverlappingReservation      : <==      Total: 1
2026-07-10T16:16:21.189+09:00 DEBUG 18936 --- [marinboy-mybatis] [nio-8082-exec-1] c.m.d.SalonReservationDao.countHoliday   : ==>  Preparing: SELECT COUNT(*) FROM MB_HOLIDAY WHERE HOLIDAY_DATE = ?
2026-07-10T16:16:21.190+09:00 DEBUG 18936 --- [marinboy-mybatis] [nio-8082-exec-1] c.m.d.SalonReservationDao.countHoliday   : ==> Parameters: 2026-07-11(LocalDate)
2026-07-10T16:16:21.191+09:00 DEBUG 18936 --- [marinboy-mybatis] [nio-8082-exec-1] c.m.d.SalonReservationDao.countHoliday   : <==      Total: 1
2026-07-10T16:16:21.192+09:00 DEBUG 18936 --- [marinboy-mybatis] [nio-8082-exec-1] c.m.d.S.findDurationMinutesById          : ==>  Preparing: SELECT DURATION_MINUTES FROM MB_SERVICE_ITEM WHERE ID = ?
2026-07-10T16:16:21.192+09:00 DEBUG 18936 --- [marinboy-mybatis] [nio-8082-exec-1] c.m.d.S.findDurationMinutesById          : ==> Parameters: 1(Long)
2026-07-10T16:16:21.193+09:00 DEBUG 18936 --- [marinboy-mybatis] [nio-8082-exec-1] c.m.d.S.findDurationMinutesById          : <==      Total: 1
2026-07-10T16:16:21.194+09:00 DEBUG 18936 --- [marinboy-mybatis] [nio-8082-exec-1] c.m.d.S.countOverlappingReservation      : ==>  Preparing: SELECT COUNT(*) FROM MB_RESERVATION R JOIN MB_SERVICE_ITEM EXISTING_SERVICE ON EXISTING_SERVICE.ID = R.SERVICE_ID JOIN MB_SERVICE_ITEM NEW_SERVICE ON NEW_SERVICE.ID = ? WHERE R.STATUS IN ('REQUESTED', 'CONFIRMED') AND R.RESERVATION_DATE_TIME < ? + NUMTODSINTERVAL(NEW_SERVICE.DURATION_MINUTES, 'MINUTE') AND R.RESERVATION_DATE_TIME + NUMTODSINTERVAL(EXISTING_SERVICE.DURATION_MINUTES, 'MINUTE') > ?
2026-07-10T16:16:21.194+09:00 DEBUG 18936 --- [marinboy-mybatis] [nio-8082-exec-1] c.m.d.S.countOverlappingReservation      : ==> Parameters: 1(Long), 2026-07-11T10:00(LocalDateTime), 2026-07-11T10:00(LocalDateTime)
2026-07-10T16:16:21.196+09:00 DEBUG 18936 --- [marinboy-mybatis] [nio-8082-exec-1] c.m.d.S.countOverlappingReservation      : <==      Total: 1
2026-07-10T16:16:21.197+09:00 DEBUG 18936 --- [marinboy-mybatis] [nio-8082-exec-1] c.m.d.S.countOverlappingReservation      : ==>  Preparing: SELECT COUNT(*) FROM MB_RESERVATION R JOIN MB_SERVICE_ITEM EXISTING_SERVICE ON EXISTING_SERVICE.ID = R.SERVICE_ID JOIN MB_SERVICE_ITEM NEW_SERVICE ON NEW_SERVICE.ID = ? WHERE R.STATUS IN ('REQUESTED', 'CONFIRMED') AND R.RESERVATION_DATE_TIME < ? + NUMTODSINTERVAL(NEW_SERVICE.DURATION_MINUTES, 'MINUTE') AND R.RESERVATION_DATE_TIME + NUMTODSINTERVAL(EXISTING_SERVICE.DURATION_MINUTES, 'MINUTE') > ?
2026-07-10T16:16:21.198+09:00 DEBUG 18936 --- [marinboy-mybatis] [nio-8082-exec-1] c.m.d.S.countOverlappingReservation      : ==> Parameters: 1(Long), 2026-07-11T10:30(LocalDateTime), 2026-07-11T10:30(LocalDateTime)
2026-07-10T16:16:21.200+09:00 DEBUG 18936 --- [marinboy-mybatis] [nio-8082-exec-1] c.m.d.S.countOverlappingReservation      : <==      Total: 1
2026-07-10T16:16:21.201+09:00 DEBUG 18936 --- [marinboy-mybatis] [nio-8082-exec-1] c.m.d.S.countOverlappingReservation      : ==>  Preparing: SELECT COUNT(*) FROM MB_RESERVATION R JOIN MB_SERVICE_ITEM EXISTING_SERVICE ON EXISTING_SERVICE.ID = R.SERVICE_ID JOIN MB_SERVICE_ITEM NEW_SERVICE ON NEW_SERVICE.ID = ? WHERE R.STATUS IN ('REQUESTED', 'CONFIRMED') AND R.RESERVATION_DATE_TIME < ? + NUMTODSINTERVAL(NEW_SERVICE.DURATION_MINUTES, 'MINUTE') AND R.RESERVATION_DATE_TIME + NUMTODSINTERVAL(EXISTING_SERVICE.DURATION_MINUTES, 'MINUTE') > ?
2026-07-10T16:16:21.202+09:00 DEBUG 18936 --- [marinboy-mybatis] [nio-8082-exec-1] c.m.d.S.countOverlappingReservation      : ==> Parameters: 1(Long), 2026-07-11T11:00(LocalDateTime), 2026-07-11T11:00(LocalDateTime)
2026-07-10T16:16:21.203+09:00 DEBUG 18936 --- [marinboy-mybatis] [nio-8082-exec-1] c.m.d.S.countOverlappingReservation      : <==      Total: 1
2026-07-10T16:16:21.204+09:00 DEBUG 18936 --- [marinboy-mybatis] [nio-8082-exec-1] c.m.d.S.countOverlappingReservation      : ==>  Preparing: SELECT COUNT(*) FROM MB_RESERVATION R JOIN MB_SERVICE_ITEM EXISTING_SERVICE ON EXISTING_SERVICE.ID = R.SERVICE_ID JOIN MB_SERVICE_ITEM NEW_SERVICE ON NEW_SERVICE.ID = ? WHERE R.STATUS IN ('REQUESTED', 'CONFIRMED') AND R.RESERVATION_DATE_TIME < ? + NUMTODSINTERVAL(NEW_SERVICE.DURATION_MINUTES, 'MINUTE') AND R.RESERVATION_DATE_TIME + NUMTODSINTERVAL(EXISTING_SERVICE.DURATION_MINUTES, 'MINUTE') > ?
2026-07-10T16:16:21.204+09:00 DEBUG 18936 --- [marinboy-mybatis] [nio-8082-exec-1] c.m.d.S.countOverlappingReservation      : ==> Parameters: 1(Long), 2026-07-11T11:30(LocalDateTime), 2026-07-11T11:30(LocalDateTime)
2026-07-10T16:16:21.206+09:00 DEBUG 18936 --- [marinboy-mybatis] [nio-8082-exec-1] c.m.d.S.countOverlappingReservation      : <==      Total: 1
2026-07-10T16:16:21.206+09:00 DEBUG 18936 --- [marinboy-mybatis] [nio-8082-exec-1] c.m.d.S.countOverlappingReservation      : ==>  Preparing: SELECT COUNT(*) FROM MB_RESERVATION R JOIN MB_SERVICE_ITEM EXISTING_SERVICE ON EXISTING_SERVICE.ID = R.SERVICE_ID JOIN MB_SERVICE_ITEM NEW_SERVICE ON NEW_SERVICE.ID = ? WHERE R.STATUS IN ('REQUESTED', 'CONFIRMED') AND R.RESERVATION_DATE_TIME < ? + NUMTODSINTERVAL(NEW_SERVICE.DURATION_MINUTES, 'MINUTE') AND R.RESERVATION_DATE_TIME + NUMTODSINTERVAL(EXISTING_SERVICE.DURATION_MINUTES, 'MINUTE') > ?
2026-07-10T16:16:21.207+09:00 DEBUG 18936 --- [marinboy-mybatis] [nio-8082-exec-1] c.m.d.S.countOverlappingReservation      : ==> Parameters: 1(Long), 2026-07-11T12:00(LocalDateTime), 2026-07-11T12:00(LocalDateTime)
2026-07-10T16:16:21.208+09:00 DEBUG 18936 --- [marinboy-mybatis] [nio-8082-exec-1] c.m.d.S.countOverlappingReservation      : <==      Total: 1
2026-07-10T16:16:21.209+09:00 DEBUG 18936 --- [marinboy-mybatis] [nio-8082-exec-1] c.m.d.S.countOverlappingReservation      : ==>  Preparing: SELECT COUNT(*) FROM MB_RESERVATION R JOIN MB_SERVICE_ITEM EXISTING_SERVICE ON EXISTING_SERVICE.ID = R.SERVICE_ID JOIN MB_SERVICE_ITEM NEW_SERVICE ON NEW_SERVICE.ID = ? WHERE R.STATUS IN ('REQUESTED', 'CONFIRMED') AND R.RESERVATION_DATE_TIME < ? + NUMTODSINTERVAL(NEW_SERVICE.DURATION_MINUTES, 'MINUTE') AND R.RESERVATION_DATE_TIME + NUMTODSINTERVAL(EXISTING_SERVICE.DURATION_MINUTES, 'MINUTE') > ?
2026-07-10T16:16:21.209+09:00 DEBUG 18936 --- [marinboy-mybatis] [nio-8082-exec-1] c.m.d.S.countOverlappingReservation      : ==> Parameters: 1(Long), 2026-07-11T12:30(LocalDateTime), 2026-07-11T12:30(LocalDateTime)
2026-07-10T16:16:21.211+09:00 DEBUG 18936 --- [marinboy-mybatis] [nio-8082-exec-1] c.m.d.S.countOverlappingReservation      : <==      Total: 1
2026-07-10T16:16:21.211+09:00 DEBUG 18936 --- [marinboy-mybatis] [nio-8082-exec-1] c.m.d.S.countOverlappingReservation      : ==>  Preparing: SELECT COUNT(*) FROM MB_RESERVATION R JOIN MB_SERVICE_ITEM EXISTING_SERVICE ON EXISTING_SERVICE.ID = R.SERVICE_ID JOIN MB_SERVICE_ITEM NEW_SERVICE ON NEW_SERVICE.ID = ? WHERE R.STATUS IN ('REQUESTED', 'CONFIRMED') AND R.RESERVATION_DATE_TIME < ? + NUMTODSINTERVAL(NEW_SERVICE.DURATION_MINUTES, 'MINUTE') AND R.RESERVATION_DATE_TIME + NUMTODSINTERVAL(EXISTING_SERVICE.DURATION_MINUTES, 'MINUTE') > ?
2026-07-10T16:16:21.212+09:00 DEBUG 18936 --- [marinboy-mybatis] [nio-8082-exec-1] c.m.d.S.countOverlappingReservation      : ==> Parameters: 1(Long), 2026-07-11T13:00(LocalDateTime), 2026-07-11T13:00(LocalDateTime)
2026-07-10T16:16:21.216+09:00 DEBUG 18936 --- [marinboy-mybatis] [nio-8082-exec-1] c.m.d.S.countOverlappingReservation      : <==      Total: 1
2026-07-10T16:16:21.218+09:00 DEBUG 18936 --- [marinboy-mybatis] [nio-8082-exec-1] c.m.d.S.countOverlappingReservation      : ==>  Preparing: SELECT COUNT(*) FROM MB_RESERVATION R JOIN MB_SERVICE_ITEM EXISTING_SERVICE ON EXISTING_SERVICE.ID = R.SERVICE_ID JOIN MB_SERVICE_ITEM NEW_SERVICE ON NEW_SERVICE.ID = ? WHERE R.STATUS IN ('REQUESTED', 'CONFIRMED') AND R.RESERVATION_DATE_TIME < ? + NUMTODSINTERVAL(NEW_SERVICE.DURATION_MINUTES, 'MINUTE') AND R.RESERVATION_DATE_TIME + NUMTODSINTERVAL(EXISTING_SERVICE.DURATION_MINUTES, 'MINUTE') > ?
2026-07-10T16:16:21.219+09:00 DEBUG 18936 --- [marinboy-mybatis] [nio-8082-exec-1] c.m.d.S.countOverlappingReservation      : ==> Parameters: 1(Long), 2026-07-11T13:30(LocalDateTime), 2026-07-11T13:30(LocalDateTime)
2026-07-10T16:16:21.220+09:00 DEBUG 18936 --- [marinboy-mybatis] [nio-8082-exec-1] c.m.d.S.countOverlappingReservation      : <==      Total: 1
2026-07-10T16:16:21.221+09:00 DEBUG 18936 --- [marinboy-mybatis] [nio-8082-exec-1] c.m.d.S.countOverlappingReservation      : ==>  Preparing: SELECT COUNT(*) FROM MB_RESERVATION R JOIN MB_SERVICE_ITEM EXISTING_SERVICE ON EXISTING_SERVICE.ID = R.SERVICE_ID JOIN MB_SERVICE_ITEM NEW_SERVICE ON NEW_SERVICE.ID = ? WHERE R.STATUS IN ('REQUESTED', 'CONFIRMED') AND R.RESERVATION_DATE_TIME < ? + NUMTODSINTERVAL(NEW_SERVICE.DURATION_MINUTES, 'MINUTE') AND R.RESERVATION_DATE_TIME + NUMTODSINTERVAL(EXISTING_SERVICE.DURATION_MINUTES, 'MINUTE') > ?
2026-07-10T16:16:21.222+09:00 DEBUG 18936 --- [marinboy-mybatis] [nio-8082-exec-1] c.m.d.S.countOverlappingReservation      : ==> Parameters: 1(Long), 2026-07-11T14:00(LocalDateTime), 2026-07-11T14:00(LocalDateTime)
2026-07-10T16:16:21.223+09:00 DEBUG 18936 --- [marinboy-mybatis] [nio-8082-exec-1] c.m.d.S.countOverlappingReservation      : <==      Total: 1
2026-07-10T16:16:21.224+09:00 DEBUG 18936 --- [marinboy-mybatis] [nio-8082-exec-1] c.m.d.S.countOverlappingReservation      : ==>  Preparing: SELECT COUNT(*) FROM MB_RESERVATION R JOIN MB_SERVICE_ITEM EXISTING_SERVICE ON EXISTING_SERVICE.ID = R.SERVICE_ID JOIN MB_SERVICE_ITEM NEW_SERVICE ON NEW_SERVICE.ID = ? WHERE R.STATUS IN ('REQUESTED', 'CONFIRMED') AND R.RESERVATION_DATE_TIME < ? + NUMTODSINTERVAL(NEW_SERVICE.DURATION_MINUTES, 'MINUTE') AND R.RESERVATION_DATE_TIME + NUMTODSINTERVAL(EXISTING_SERVICE.DURATION_MINUTES, 'MINUTE') > ?
2026-07-10T16:16:21.224+09:00 DEBUG 18936 --- [marinboy-mybatis] [nio-8082-exec-1] c.m.d.S.countOverlappingReservation      : ==> Parameters: 1(Long), 2026-07-11T14:30(LocalDateTime), 2026-07-11T14:30(LocalDateTime)
2026-07-10T16:16:21.226+09:00 DEBUG 18936 --- [marinboy-mybatis] [nio-8082-exec-1] c.m.d.S.countOverlappingReservation      : <==      Total: 1
2026-07-10T16:16:21.226+09:00 DEBUG 18936 --- [marinboy-mybatis] [nio-8082-exec-1] c.m.d.S.countOverlappingReservation      : ==>  Preparing: SELECT COUNT(*) FROM MB_RESERVATION R JOIN MB_SERVICE_ITEM EXISTING_SERVICE ON EXISTING_SERVICE.ID = R.SERVICE_ID JOIN MB_SERVICE_ITEM NEW_SERVICE ON NEW_SERVICE.ID = ? WHERE R.STATUS IN ('REQUESTED', 'CONFIRMED') AND R.RESERVATION_DATE_TIME < ? + NUMTODSINTERVAL(NEW_SERVICE.DURATION_MINUTES, 'MINUTE') AND R.RESERVATION_DATE_TIME + NUMTODSINTERVAL(EXISTING_SERVICE.DURATION_MINUTES, 'MINUTE') > ?
2026-07-10T16:16:21.227+09:00 DEBUG 18936 --- [marinboy-mybatis] [nio-8082-exec-1] c.m.d.S.countOverlappingReservation      : ==> Parameters: 1(Long), 2026-07-11T15:00(LocalDateTime), 2026-07-11T15:00(LocalDateTime)
2026-07-10T16:16:21.228+09:00 DEBUG 18936 --- [marinboy-mybatis] [nio-8082-exec-1] c.m.d.S.countOverlappingReservation      : <==      Total: 1
2026-07-10T16:16:21.230+09:00 DEBUG 18936 --- [marinboy-mybatis] [nio-8082-exec-1] c.m.d.S.countOverlappingReservation      : ==>  Preparing: SELECT COUNT(*) FROM MB_RESERVATION R JOIN MB_SERVICE_ITEM EXISTING_SERVICE ON EXISTING_SERVICE.ID = R.SERVICE_ID JOIN MB_SERVICE_ITEM NEW_SERVICE ON NEW_SERVICE.ID = ? WHERE R.STATUS IN ('REQUESTED', 'CONFIRMED') AND R.RESERVATION_DATE_TIME < ? + NUMTODSINTERVAL(NEW_SERVICE.DURATION_MINUTES, 'MINUTE') AND R.RESERVATION_DATE_TIME + NUMTODSINTERVAL(EXISTING_SERVICE.DURATION_MINUTES, 'MINUTE') > ?
2026-07-10T16:16:21.231+09:00 DEBUG 18936 --- [marinboy-mybatis] [nio-8082-exec-1] c.m.d.S.countOverlappingReservation      : ==> Parameters: 1(Long), 2026-07-11T15:30(LocalDateTime), 2026-07-11T15:30(LocalDateTime)
2026-07-10T16:16:21.232+09:00 DEBUG 18936 --- [marinboy-mybatis] [nio-8082-exec-1] c.m.d.S.countOverlappingReservation      : <==      Total: 1
2026-07-10T16:16:21.234+09:00 DEBUG 18936 --- [marinboy-mybatis] [nio-8082-exec-1] c.m.d.S.countOverlappingReservation      : ==>  Preparing: SELECT COUNT(*) FROM MB_RESERVATION R JOIN MB_SERVICE_ITEM EXISTING_SERVICE ON EXISTING_SERVICE.ID = R.SERVICE_ID JOIN MB_SERVICE_ITEM NEW_SERVICE ON NEW_SERVICE.ID = ? WHERE R.STATUS IN ('REQUESTED', 'CONFIRMED') AND R.RESERVATION_DATE_TIME < ? + NUMTODSINTERVAL(NEW_SERVICE.DURATION_MINUTES, 'MINUTE') AND R.RESERVATION_DATE_TIME + NUMTODSINTERVAL(EXISTING_SERVICE.DURATION_MINUTES, 'MINUTE') > ?
2026-07-10T16:16:21.235+09:00 DEBUG 18936 --- [marinboy-mybatis] [nio-8082-exec-1] c.m.d.S.countOverlappingReservation      : ==> Parameters: 1(Long), 2026-07-11T16:00(LocalDateTime), 2026-07-11T16:00(LocalDateTime)
2026-07-10T16:16:21.236+09:00 DEBUG 18936 --- [marinboy-mybatis] [nio-8082-exec-1] c.m.d.S.countOverlappingReservation      : <==      Total: 1
2026-07-10T16:16:21.237+09:00 DEBUG 18936 --- [marinboy-mybatis] [nio-8082-exec-1] c.m.d.S.countOverlappingReservation      : ==>  Preparing: SELECT COUNT(*) FROM MB_RESERVATION R JOIN MB_SERVICE_ITEM EXISTING_SERVICE ON EXISTING_SERVICE.ID = R.SERVICE_ID JOIN MB_SERVICE_ITEM NEW_SERVICE ON NEW_SERVICE.ID = ? WHERE R.STATUS IN ('REQUESTED', 'CONFIRMED') AND R.RESERVATION_DATE_TIME < ? + NUMTODSINTERVAL(NEW_SERVICE.DURATION_MINUTES, 'MINUTE') AND R.RESERVATION_DATE_TIME + NUMTODSINTERVAL(EXISTING_SERVICE.DURATION_MINUTES, 'MINUTE') > ?
2026-07-10T16:16:21.238+09:00 DEBUG 18936 --- [marinboy-mybatis] [nio-8082-exec-1] c.m.d.S.countOverlappingReservation      : ==> Parameters: 1(Long), 2026-07-11T16:30(LocalDateTime), 2026-07-11T16:30(LocalDateTime)
2026-07-10T16:16:21.239+09:00 DEBUG 18936 --- [marinboy-mybatis] [nio-8082-exec-1] c.m.d.S.countOverlappingReservation      : <==      Total: 1
2026-07-10T16:16:21.241+09:00 DEBUG 18936 --- [marinboy-mybatis] [nio-8082-exec-1] c.m.d.S.countOverlappingReservation      : ==>  Preparing: SELECT COUNT(*) FROM MB_RESERVATION R JOIN MB_SERVICE_ITEM EXISTING_SERVICE ON EXISTING_SERVICE.ID = R.SERVICE_ID JOIN MB_SERVICE_ITEM NEW_SERVICE ON NEW_SERVICE.ID = ? WHERE R.STATUS IN ('REQUESTED', 'CONFIRMED') AND R.RESERVATION_DATE_TIME < ? + NUMTODSINTERVAL(NEW_SERVICE.DURATION_MINUTES, 'MINUTE') AND R.RESERVATION_DATE_TIME + NUMTODSINTERVAL(EXISTING_SERVICE.DURATION_MINUTES, 'MINUTE') > ?
2026-07-10T16:16:21.241+09:00 DEBUG 18936 --- [marinboy-mybatis] [nio-8082-exec-1] c.m.d.S.countOverlappingReservation      : ==> Parameters: 1(Long), 2026-07-11T17:00(LocalDateTime), 2026-07-11T17:00(LocalDateTime)
2026-07-10T16:16:21.242+09:00 DEBUG 18936 --- [marinboy-mybatis] [nio-8082-exec-1] c.m.d.S.countOverlappingReservation      : <==      Total: 1
2026-07-10T16:16:21.865+09:00  WARN 18936 --- [marinboy-mybatis] [nio-8082-exec-7] o.a.c.util.SessionIdGeneratorBase        : Creation of SecureRandom instance for session ID generation using [SHA1PRNG] took [1,034] milliseconds.
2026-07-10T16:16:40.665+09:00 DEBUG 18936 --- [marinboy-mybatis] [nio-8082-exec-2] c.m.dao.SalonServiceDao.findAllServices  : ==>  Preparing: SELECT ID, NAME, CATEGORY, DURATION_MINUTES, PRICE, DESCRIPTION, TOP_RANK FROM MB_SERVICE_ITEM ORDER BY NVL(TOP_RANK, 99), ID
2026-07-10T16:16:40.666+09:00 DEBUG 18936 --- [marinboy-mybatis] [nio-8082-exec-2] c.m.dao.SalonServiceDao.findAllServices  : ==> Parameters: 
2026-07-10T16:16:40.670+09:00 DEBUG 18936 --- [marinboy-mybatis] [nio-8082-exec-2] c.m.dao.SalonServiceDao.findAllServices  : <==      Total: 6
2026-07-10T16:16:40.670+09:00 DEBUG 18936 --- [marinboy-mybatis] [nio-8082-exec-2] c.m.d.S.findAllServiceImages             : ==>  Preparing: SELECT SERVICE_ID, IMAGE_URL, IMAGE_TYPE FROM MB_SERVICE_IMAGE ORDER BY SERVICE_ID, IMAGE_TYPE DESC, SORT_ORDER, ID
2026-07-10T16:16:40.671+09:00 DEBUG 18936 --- [marinboy-mybatis] [nio-8082-exec-2] c.m.d.S.findAllServiceImages             : ==> Parameters: 
2026-07-10T16:16:40.673+09:00 DEBUG 18936 --- [marinboy-mybatis] [nio-8082-exec-2] c.m.d.S.findAllServiceImages             : <==      Total: 7
2026-07-10T16:16:40.905+09:00 DEBUG 18936 --- [marinboy-mybatis] [nio-8082-exec-2] c.m.dao.SalonServiceDao.findAllServices  : ==>  Preparing: SELECT ID, NAME, CATEGORY, DURATION_MINUTES, PRICE, DESCRIPTION, TOP_RANK FROM MB_SERVICE_ITEM ORDER BY NVL(TOP_RANK, 99), ID
2026-07-10T16:16:40.905+09:00 DEBUG 18936 --- [marinboy-mybatis] [nio-8082-exec-2] c.m.dao.SalonServiceDao.findAllServices  : ==> Parameters: 
2026-07-10T16:16:40.907+09:00 DEBUG 18936 --- [marinboy-mybatis] [nio-8082-exec-2] c.m.dao.SalonServiceDao.findAllServices  : <==      Total: 6
2026-07-10T16:16:40.908+09:00 DEBUG 18936 --- [marinboy-mybatis] [nio-8082-exec-2] c.m.d.S.findAllServiceImages             : ==>  Preparing: SELECT SERVICE_ID, IMAGE_URL, IMAGE_TYPE FROM MB_SERVICE_IMAGE ORDER BY SERVICE_ID, IMAGE_TYPE DESC, SORT_ORDER, ID
2026-07-10T16:16:40.909+09:00 DEBUG 18936 --- [marinboy-mybatis] [nio-8082-exec-2] c.m.d.S.findAllServiceImages             : ==> Parameters: 
2026-07-10T16:16:40.911+09:00 DEBUG 18936 --- [marinboy-mybatis] [nio-8082-exec-2] c.m.d.S.findAllServiceImages             : <==      Total: 7
2026-07-10T16:16:41.111+09:00 DEBUG 18936 --- [marinboy-mybatis] [nio-8082-exec-6] c.m.d.SalonReservationDao.countHoliday   : ==>  Preparing: SELECT COUNT(*) FROM MB_HOLIDAY WHERE HOLIDAY_DATE = ?
2026-07-10T16:16:41.112+09:00 DEBUG 18936 --- [marinboy-mybatis] [nio-8082-exec-6] c.m.d.SalonReservationDao.countHoliday   : ==> Parameters: 2026-07-11(LocalDate)
2026-07-10T16:16:41.113+09:00 DEBUG 18936 --- [marinboy-mybatis] [nio-8082-exec-6] c.m.d.SalonReservationDao.countHoliday   : <==      Total: 1
2026-07-10T16:16:41.114+09:00 DEBUG 18936 --- [marinboy-mybatis] [nio-8082-exec-6] c.m.d.S.findDurationMinutesById          : ==>  Preparing: SELECT DURATION_MINUTES FROM MB_SERVICE_ITEM WHERE ID = ?
2026-07-10T16:16:41.114+09:00 DEBUG 18936 --- [marinboy-mybatis] [nio-8082-exec-6] c.m.d.S.findDurationMinutesById          : ==> Parameters: 1(Long)
2026-07-10T16:16:41.115+09:00 DEBUG 18936 --- [marinboy-mybatis] [nio-8082-exec-6] c.m.d.S.findDurationMinutesById          : <==      Total: 1
2026-07-10T16:16:41.116+09:00 DEBUG 18936 --- [marinboy-mybatis] [nio-8082-exec-6] c.m.d.S.countOverlappingReservation      : ==>  Preparing: SELECT COUNT(*) FROM MB_RESERVATION R JOIN MB_SERVICE_ITEM EXISTING_SERVICE ON EXISTING_SERVICE.ID = R.SERVICE_ID JOIN MB_SERVICE_ITEM NEW_SERVICE ON NEW_SERVICE.ID = ? WHERE R.STATUS IN ('REQUESTED', 'CONFIRMED') AND R.RESERVATION_DATE_TIME < ? + NUMTODSINTERVAL(NEW_SERVICE.DURATION_MINUTES, 'MINUTE') AND R.RESERVATION_DATE_TIME + NUMTODSINTERVAL(EXISTING_SERVICE.DURATION_MINUTES, 'MINUTE') > ?
2026-07-10T16:16:41.117+09:00 DEBUG 18936 --- [marinboy-mybatis] [nio-8082-exec-6] c.m.d.S.countOverlappingReservation      : ==> Parameters: 1(Long), 2026-07-11T10:00(LocalDateTime), 2026-07-11T10:00(LocalDateTime)
2026-07-10T16:16:41.118+09:00 DEBUG 18936 --- [marinboy-mybatis] [nio-8082-exec-6] c.m.d.S.countOverlappingReservation      : <==      Total: 1
2026-07-10T16:16:41.119+09:00 DEBUG 18936 --- [marinboy-mybatis] [nio-8082-exec-6] c.m.d.S.countOverlappingReservation      : ==>  Preparing: SELECT COUNT(*) FROM MB_RESERVATION R JOIN MB_SERVICE_ITEM EXISTING_SERVICE ON EXISTING_SERVICE.ID = R.SERVICE_ID JOIN MB_SERVICE_ITEM NEW_SERVICE ON NEW_SERVICE.ID = ? WHERE R.STATUS IN ('REQUESTED', 'CONFIRMED') AND R.RESERVATION_DATE_TIME < ? + NUMTODSINTERVAL(NEW_SERVICE.DURATION_MINUTES, 'MINUTE') AND R.RESERVATION_DATE_TIME + NUMTODSINTERVAL(EXISTING_SERVICE.DURATION_MINUTES, 'MINUTE') > ?
2026-07-10T16:16:41.119+09:00 DEBUG 18936 --- [marinboy-mybatis] [nio-8082-exec-6] c.m.d.S.countOverlappingReservation      : ==> Parameters: 1(Long), 2026-07-11T10:30(LocalDateTime), 2026-07-11T10:30(LocalDateTime)
2026-07-10T16:16:41.122+09:00 DEBUG 18936 --- [marinboy-mybatis] [nio-8082-exec-6] c.m.d.S.countOverlappingReservation      : <==      Total: 1
2026-07-10T16:16:41.122+09:00 DEBUG 18936 --- [marinboy-mybatis] [nio-8082-exec-6] c.m.d.S.countOverlappingReservation      : ==>  Preparing: SELECT COUNT(*) FROM MB_RESERVATION R JOIN MB_SERVICE_ITEM EXISTING_SERVICE ON EXISTING_SERVICE.ID = R.SERVICE_ID JOIN MB_SERVICE_ITEM NEW_SERVICE ON NEW_SERVICE.ID = ? WHERE R.STATUS IN ('REQUESTED', 'CONFIRMED') AND R.RESERVATION_DATE_TIME < ? + NUMTODSINTERVAL(NEW_SERVICE.DURATION_MINUTES, 'MINUTE') AND R.RESERVATION_DATE_TIME + NUMTODSINTERVAL(EXISTING_SERVICE.DURATION_MINUTES, 'MINUTE') > ?
2026-07-10T16:16:41.123+09:00 DEBUG 18936 --- [marinboy-mybatis] [nio-8082-exec-6] c.m.d.S.countOverlappingReservation      : ==> Parameters: 1(Long), 2026-07-11T11:00(LocalDateTime), 2026-07-11T11:00(LocalDateTime)
2026-07-10T16:16:41.124+09:00 DEBUG 18936 --- [marinboy-mybatis] [nio-8082-exec-6] c.m.d.S.countOverlappingReservation      : <==      Total: 1
2026-07-10T16:16:41.125+09:00 DEBUG 18936 --- [marinboy-mybatis] [nio-8082-exec-6] c.m.d.S.countOverlappingReservation      : ==>  Preparing: SELECT COUNT(*) FROM MB_RESERVATION R JOIN MB_SERVICE_ITEM EXISTING_SERVICE ON EXISTING_SERVICE.ID = R.SERVICE_ID JOIN MB_SERVICE_ITEM NEW_SERVICE ON NEW_SERVICE.ID = ? WHERE R.STATUS IN ('REQUESTED', 'CONFIRMED') AND R.RESERVATION_DATE_TIME < ? + NUMTODSINTERVAL(NEW_SERVICE.DURATION_MINUTES, 'MINUTE') AND R.RESERVATION_DATE_TIME + NUMTODSINTERVAL(EXISTING_SERVICE.DURATION_MINUTES, 'MINUTE') > ?
2026-07-10T16:16:41.125+09:00 DEBUG 18936 --- [marinboy-mybatis] [nio-8082-exec-6] c.m.d.S.countOverlappingReservation      : ==> Parameters: 1(Long), 2026-07-11T11:30(LocalDateTime), 2026-07-11T11:30(LocalDateTime)
2026-07-10T16:16:41.128+09:00 DEBUG 18936 --- [marinboy-mybatis] [nio-8082-exec-6] c.m.d.S.countOverlappingReservation      : <==      Total: 1
2026-07-10T16:16:41.128+09:00 DEBUG 18936 --- [marinboy-mybatis] [nio-8082-exec-6] c.m.d.S.countOverlappingReservation      : ==>  Preparing: SELECT COUNT(*) FROM MB_RESERVATION R JOIN MB_SERVICE_ITEM EXISTING_SERVICE ON EXISTING_SERVICE.ID = R.SERVICE_ID JOIN MB_SERVICE_ITEM NEW_SERVICE ON NEW_SERVICE.ID = ? WHERE R.STATUS IN ('REQUESTED', 'CONFIRMED') AND R.RESERVATION_DATE_TIME < ? + NUMTODSINTERVAL(NEW_SERVICE.DURATION_MINUTES, 'MINUTE') AND R.RESERVATION_DATE_TIME + NUMTODSINTERVAL(EXISTING_SERVICE.DURATION_MINUTES, 'MINUTE') > ?
2026-07-10T16:16:41.130+09:00 DEBUG 18936 --- [marinboy-mybatis] [nio-8082-exec-6] c.m.d.S.countOverlappingReservation      : ==> Parameters: 1(Long), 2026-07-11T12:00(LocalDateTime), 2026-07-11T12:00(LocalDateTime)
2026-07-10T16:16:41.130+09:00 DEBUG 18936 --- [marinboy-mybatis] [nio-8082-exec-6] c.m.d.S.countOverlappingReservation      : <==      Total: 1
2026-07-10T16:16:41.131+09:00 DEBUG 18936 --- [marinboy-mybatis] [nio-8082-exec-6] c.m.d.S.countOverlappingReservation      : ==>  Preparing: SELECT COUNT(*) FROM MB_RESERVATION R JOIN MB_SERVICE_ITEM EXISTING_SERVICE ON EXISTING_SERVICE.ID = R.SERVICE_ID JOIN MB_SERVICE_ITEM NEW_SERVICE ON NEW_SERVICE.ID = ? WHERE R.STATUS IN ('REQUESTED', 'CONFIRMED') AND R.RESERVATION_DATE_TIME < ? + NUMTODSINTERVAL(NEW_SERVICE.DURATION_MINUTES, 'MINUTE') AND R.RESERVATION_DATE_TIME + NUMTODSINTERVAL(EXISTING_SERVICE.DURATION_MINUTES, 'MINUTE') > ?
2026-07-10T16:16:41.131+09:00 DEBUG 18936 --- [marinboy-mybatis] [nio-8082-exec-6] c.m.d.S.countOverlappingReservation      : ==> Parameters: 1(Long), 2026-07-11T12:30(LocalDateTime), 2026-07-11T12:30(LocalDateTime)
2026-07-10T16:16:41.133+09:00 DEBUG 18936 --- [marinboy-mybatis] [nio-8082-exec-6] c.m.d.S.countOverlappingReservation      : <==      Total: 1
2026-07-10T16:16:41.134+09:00 DEBUG 18936 --- [marinboy-mybatis] [nio-8082-exec-6] c.m.d.S.countOverlappingReservation      : ==>  Preparing: SELECT COUNT(*) FROM MB_RESERVATION R JOIN MB_SERVICE_ITEM EXISTING_SERVICE ON EXISTING_SERVICE.ID = R.SERVICE_ID JOIN MB_SERVICE_ITEM NEW_SERVICE ON NEW_SERVICE.ID = ? WHERE R.STATUS IN ('REQUESTED', 'CONFIRMED') AND R.RESERVATION_DATE_TIME < ? + NUMTODSINTERVAL(NEW_SERVICE.DURATION_MINUTES, 'MINUTE') AND R.RESERVATION_DATE_TIME + NUMTODSINTERVAL(EXISTING_SERVICE.DURATION_MINUTES, 'MINUTE') > ?
2026-07-10T16:16:41.134+09:00 DEBUG 18936 --- [marinboy-mybatis] [nio-8082-exec-6] c.m.d.S.countOverlappingReservation      : ==> Parameters: 1(Long), 2026-07-11T13:00(LocalDateTime), 2026-07-11T13:00(LocalDateTime)
2026-07-10T16:16:41.136+09:00 DEBUG 18936 --- [marinboy-mybatis] [nio-8082-exec-6] c.m.d.S.countOverlappingReservation      : <==      Total: 1
2026-07-10T16:16:41.136+09:00 DEBUG 18936 --- [marinboy-mybatis] [nio-8082-exec-6] c.m.d.S.countOverlappingReservation      : ==>  Preparing: SELECT COUNT(*) FROM MB_RESERVATION R JOIN MB_SERVICE_ITEM EXISTING_SERVICE ON EXISTING_SERVICE.ID = R.SERVICE_ID JOIN MB_SERVICE_ITEM NEW_SERVICE ON NEW_SERVICE.ID = ? WHERE R.STATUS IN ('REQUESTED', 'CONFIRMED') AND R.RESERVATION_DATE_TIME < ? + NUMTODSINTERVAL(NEW_SERVICE.DURATION_MINUTES, 'MINUTE') AND R.RESERVATION_DATE_TIME + NUMTODSINTERVAL(EXISTING_SERVICE.DURATION_MINUTES, 'MINUTE') > ?
2026-07-10T16:16:41.137+09:00 DEBUG 18936 --- [marinboy-mybatis] [nio-8082-exec-6] c.m.d.S.countOverlappingReservation      : ==> Parameters: 1(Long), 2026-07-11T13:30(LocalDateTime), 2026-07-11T13:30(LocalDateTime)
2026-07-10T16:16:41.139+09:00 DEBUG 18936 --- [marinboy-mybatis] [nio-8082-exec-6] c.m.d.S.countOverlappingReservation      : <==      Total: 1
2026-07-10T16:16:41.139+09:00 DEBUG 18936 --- [marinboy-mybatis] [nio-8082-exec-6] c.m.d.S.countOverlappingReservation      : ==>  Preparing: SELECT COUNT(*) FROM MB_RESERVATION R JOIN MB_SERVICE_ITEM EXISTING_SERVICE ON EXISTING_SERVICE.ID = R.SERVICE_ID JOIN MB_SERVICE_ITEM NEW_SERVICE ON NEW_SERVICE.ID = ? WHERE R.STATUS IN ('REQUESTED', 'CONFIRMED') AND R.RESERVATION_DATE_TIME < ? + NUMTODSINTERVAL(NEW_SERVICE.DURATION_MINUTES, 'MINUTE') AND R.RESERVATION_DATE_TIME + NUMTODSINTERVAL(EXISTING_SERVICE.DURATION_MINUTES, 'MINUTE') > ?
2026-07-10T16:16:41.140+09:00 DEBUG 18936 --- [marinboy-mybatis] [nio-8082-exec-6] c.m.d.S.countOverlappingReservation      : ==> Parameters: 1(Long), 2026-07-11T14:00(LocalDateTime), 2026-07-11T14:00(LocalDateTime)
2026-07-10T16:16:41.141+09:00 DEBUG 18936 --- [marinboy-mybatis] [nio-8082-exec-6] c.m.d.S.countOverlappingReservation      : <==      Total: 1
2026-07-10T16:16:41.142+09:00 DEBUG 18936 --- [marinboy-mybatis] [nio-8082-exec-6] c.m.d.S.countOverlappingReservation      : ==>  Preparing: SELECT COUNT(*) FROM MB_RESERVATION R JOIN MB_SERVICE_ITEM EXISTING_SERVICE ON EXISTING_SERVICE.ID = R.SERVICE_ID JOIN MB_SERVICE_ITEM NEW_SERVICE ON NEW_SERVICE.ID = ? WHERE R.STATUS IN ('REQUESTED', 'CONFIRMED') AND R.RESERVATION_DATE_TIME < ? + NUMTODSINTERVAL(NEW_SERVICE.DURATION_MINUTES, 'MINUTE') AND R.RESERVATION_DATE_TIME + NUMTODSINTERVAL(EXISTING_SERVICE.DURATION_MINUTES, 'MINUTE') > ?
2026-07-10T16:16:41.143+09:00 DEBUG 18936 --- [marinboy-mybatis] [nio-8082-exec-6] c.m.d.S.countOverlappingReservation      : ==> Parameters: 1(Long), 2026-07-11T14:30(LocalDateTime), 2026-07-11T14:30(LocalDateTime)
2026-07-10T16:16:41.144+09:00 DEBUG 18936 --- [marinboy-mybatis] [nio-8082-exec-6] c.m.d.S.countOverlappingReservation      : <==      Total: 1
2026-07-10T16:16:41.145+09:00 DEBUG 18936 --- [marinboy-mybatis] [nio-8082-exec-6] c.m.d.S.countOverlappingReservation      : ==>  Preparing: SELECT COUNT(*) FROM MB_RESERVATION R JOIN MB_SERVICE_ITEM EXISTING_SERVICE ON EXISTING_SERVICE.ID = R.SERVICE_ID JOIN MB_SERVICE_ITEM NEW_SERVICE ON NEW_SERVICE.ID = ? WHERE R.STATUS IN ('REQUESTED', 'CONFIRMED') AND R.RESERVATION_DATE_TIME < ? + NUMTODSINTERVAL(NEW_SERVICE.DURATION_MINUTES, 'MINUTE') AND R.RESERVATION_DATE_TIME + NUMTODSINTERVAL(EXISTING_SERVICE.DURATION_MINUTES, 'MINUTE') > ?
2026-07-10T16:16:41.146+09:00 DEBUG 18936 --- [marinboy-mybatis] [nio-8082-exec-6] c.m.d.S.countOverlappingReservation      : ==> Parameters: 1(Long), 2026-07-11T15:00(LocalDateTime), 2026-07-11T15:00(LocalDateTime)
2026-07-10T16:16:41.149+09:00 DEBUG 18936 --- [marinboy-mybatis] [nio-8082-exec-6] c.m.d.S.countOverlappingReservation      : <==      Total: 1
2026-07-10T16:16:41.150+09:00 DEBUG 18936 --- [marinboy-mybatis] [nio-8082-exec-6] c.m.d.S.countOverlappingReservation      : ==>  Preparing: SELECT COUNT(*) FROM MB_RESERVATION R JOIN MB_SERVICE_ITEM EXISTING_SERVICE ON EXISTING_SERVICE.ID = R.SERVICE_ID JOIN MB_SERVICE_ITEM NEW_SERVICE ON NEW_SERVICE.ID = ? WHERE R.STATUS IN ('REQUESTED', 'CONFIRMED') AND R.RESERVATION_DATE_TIME < ? + NUMTODSINTERVAL(NEW_SERVICE.DURATION_MINUTES, 'MINUTE') AND R.RESERVATION_DATE_TIME + NUMTODSINTERVAL(EXISTING_SERVICE.DURATION_MINUTES, 'MINUTE') > ?
2026-07-10T16:16:41.151+09:00 DEBUG 18936 --- [marinboy-mybatis] [nio-8082-exec-6] c.m.d.S.countOverlappingReservation      : ==> Parameters: 1(Long), 2026-07-11T15:30(LocalDateTime), 2026-07-11T15:30(LocalDateTime)
2026-07-10T16:16:41.152+09:00 DEBUG 18936 --- [marinboy-mybatis] [nio-8082-exec-6] c.m.d.S.countOverlappingReservation      : <==      Total: 1
2026-07-10T16:16:41.153+09:00 DEBUG 18936 --- [marinboy-mybatis] [nio-8082-exec-6] c.m.d.S.countOverlappingReservation      : ==>  Preparing: SELECT COUNT(*) FROM MB_RESERVATION R JOIN MB_SERVICE_ITEM EXISTING_SERVICE ON EXISTING_SERVICE.ID = R.SERVICE_ID JOIN MB_SERVICE_ITEM NEW_SERVICE ON NEW_SERVICE.ID = ? WHERE R.STATUS IN ('REQUESTED', 'CONFIRMED') AND R.RESERVATION_DATE_TIME < ? + NUMTODSINTERVAL(NEW_SERVICE.DURATION_MINUTES, 'MINUTE') AND R.RESERVATION_DATE_TIME + NUMTODSINTERVAL(EXISTING_SERVICE.DURATION_MINUTES, 'MINUTE') > ?
2026-07-10T16:16:41.153+09:00 DEBUG 18936 --- [marinboy-mybatis] [nio-8082-exec-6] c.m.d.S.countOverlappingReservation      : ==> Parameters: 1(Long), 2026-07-11T16:00(LocalDateTime), 2026-07-11T16:00(LocalDateTime)
2026-07-10T16:16:41.155+09:00 DEBUG 18936 --- [marinboy-mybatis] [nio-8082-exec-6] c.m.d.S.countOverlappingReservation      : <==      Total: 1
2026-07-10T16:16:41.156+09:00 DEBUG 18936 --- [marinboy-mybatis] [nio-8082-exec-6] c.m.d.S.countOverlappingReservation      : ==>  Preparing: SELECT COUNT(*) FROM MB_RESERVATION R JOIN MB_SERVICE_ITEM EXISTING_SERVICE ON EXISTING_SERVICE.ID = R.SERVICE_ID JOIN MB_SERVICE_ITEM NEW_SERVICE ON NEW_SERVICE.ID = ? WHERE R.STATUS IN ('REQUESTED', 'CONFIRMED') AND R.RESERVATION_DATE_TIME < ? + NUMTODSINTERVAL(NEW_SERVICE.DURATION_MINUTES, 'MINUTE') AND R.RESERVATION_DATE_TIME + NUMTODSINTERVAL(EXISTING_SERVICE.DURATION_MINUTES, 'MINUTE') > ?
2026-07-10T16:16:41.156+09:00 DEBUG 18936 --- [marinboy-mybatis] [nio-8082-exec-6] c.m.d.S.countOverlappingReservation      : ==> Parameters: 1(Long), 2026-07-11T16:30(LocalDateTime), 2026-07-11T16:30(LocalDateTime)
2026-07-10T16:16:41.157+09:00 DEBUG 18936 --- [marinboy-mybatis] [nio-8082-exec-6] c.m.d.S.countOverlappingReservation      : <==      Total: 1
2026-07-10T16:16:41.158+09:00 DEBUG 18936 --- [marinboy-mybatis] [nio-8082-exec-6] c.m.d.S.countOverlappingReservation      : ==>  Preparing: SELECT COUNT(*) FROM MB_RESERVATION R JOIN MB_SERVICE_ITEM EXISTING_SERVICE ON EXISTING_SERVICE.ID = R.SERVICE_ID JOIN MB_SERVICE_ITEM NEW_SERVICE ON NEW_SERVICE.ID = ? WHERE R.STATUS IN ('REQUESTED', 'CONFIRMED') AND R.RESERVATION_DATE_TIME < ? + NUMTODSINTERVAL(NEW_SERVICE.DURATION_MINUTES, 'MINUTE') AND R.RESERVATION_DATE_TIME + NUMTODSINTERVAL(EXISTING_SERVICE.DURATION_MINUTES, 'MINUTE') > ?
2026-07-10T16:16:41.158+09:00 DEBUG 18936 --- [marinboy-mybatis] [nio-8082-exec-6] c.m.d.S.countOverlappingReservation      : ==> Parameters: 1(Long), 2026-07-11T17:00(LocalDateTime), 2026-07-11T17:00(LocalDateTime)
2026-07-10T16:16:41.160+09:00 DEBUG 18936 --- [marinboy-mybatis] [nio-8082-exec-6] c.m.d.S.countOverlappingReservation      : <==      Total: 1
2026-07-10T16:16:41.256+09:00 DEBUG 18936 --- [marinboy-mybatis] [nio-8082-exec-9] c.m.d.SalonReservationDao.countHoliday   : ==>  Preparing: SELECT COUNT(*) FROM MB_HOLIDAY WHERE HOLIDAY_DATE = ?
2026-07-10T16:16:41.257+09:00 DEBUG 18936 --- [marinboy-mybatis] [nio-8082-exec-9] c.m.d.SalonReservationDao.countHoliday   : ==> Parameters: 2026-07-11(LocalDate)
2026-07-10T16:16:41.258+09:00 DEBUG 18936 --- [marinboy-mybatis] [nio-8082-exec-9] c.m.d.SalonReservationDao.countHoliday   : <==      Total: 1
2026-07-10T16:16:41.259+09:00 DEBUG 18936 --- [marinboy-mybatis] [nio-8082-exec-9] c.m.d.S.findDurationMinutesById          : ==>  Preparing: SELECT DURATION_MINUTES FROM MB_SERVICE_ITEM WHERE ID = ?
2026-07-10T16:16:41.259+09:00 DEBUG 18936 --- [marinboy-mybatis] [nio-8082-exec-9] c.m.d.S.findDurationMinutesById          : ==> Parameters: 1(Long)
2026-07-10T16:16:41.260+09:00 DEBUG 18936 --- [marinboy-mybatis] [nio-8082-exec-9] c.m.d.S.findDurationMinutesById          : <==      Total: 1
2026-07-10T16:16:41.261+09:00 DEBUG 18936 --- [marinboy-mybatis] [nio-8082-exec-9] c.m.d.S.countOverlappingReservation      : ==>  Preparing: SELECT COUNT(*) FROM MB_RESERVATION R JOIN MB_SERVICE_ITEM EXISTING_SERVICE ON EXISTING_SERVICE.ID = R.SERVICE_ID JOIN MB_SERVICE_ITEM NEW_SERVICE ON NEW_SERVICE.ID = ? WHERE R.STATUS IN ('REQUESTED', 'CONFIRMED') AND R.RESERVATION_DATE_TIME < ? + NUMTODSINTERVAL(NEW_SERVICE.DURATION_MINUTES, 'MINUTE') AND R.RESERVATION_DATE_TIME + NUMTODSINTERVAL(EXISTING_SERVICE.DURATION_MINUTES, 'MINUTE') > ?
2026-07-10T16:16:41.262+09:00 DEBUG 18936 --- [marinboy-mybatis] [nio-8082-exec-9] c.m.d.S.countOverlappingReservation      : ==> Parameters: 1(Long), 2026-07-11T10:00(LocalDateTime), 2026-07-11T10:00(LocalDateTime)
2026-07-10T16:16:41.265+09:00 DEBUG 18936 --- [marinboy-mybatis] [nio-8082-exec-9] c.m.d.S.countOverlappingReservation      : <==      Total: 1
2026-07-10T16:16:41.265+09:00 DEBUG 18936 --- [marinboy-mybatis] [nio-8082-exec-9] c.m.d.S.countOverlappingReservation      : ==>  Preparing: SELECT COUNT(*) FROM MB_RESERVATION R JOIN MB_SERVICE_ITEM EXISTING_SERVICE ON EXISTING_SERVICE.ID = R.SERVICE_ID JOIN MB_SERVICE_ITEM NEW_SERVICE ON NEW_SERVICE.ID = ? WHERE R.STATUS IN ('REQUESTED', 'CONFIRMED') AND R.RESERVATION_DATE_TIME < ? + NUMTODSINTERVAL(NEW_SERVICE.DURATION_MINUTES, 'MINUTE') AND R.RESERVATION_DATE_TIME + NUMTODSINTERVAL(EXISTING_SERVICE.DURATION_MINUTES, 'MINUTE') > ?
2026-07-10T16:16:41.266+09:00 DEBUG 18936 --- [marinboy-mybatis] [nio-8082-exec-9] c.m.d.S.countOverlappingReservation      : ==> Parameters: 1(Long), 2026-07-11T10:30(LocalDateTime), 2026-07-11T10:30(LocalDateTime)
2026-07-10T16:16:41.268+09:00 DEBUG 18936 --- [marinboy-mybatis] [nio-8082-exec-9] c.m.d.S.countOverlappingReservation      : <==      Total: 1
2026-07-10T16:16:41.268+09:00 DEBUG 18936 --- [marinboy-mybatis] [nio-8082-exec-9] c.m.d.S.countOverlappingReservation      : ==>  Preparing: SELECT COUNT(*) FROM MB_RESERVATION R JOIN MB_SERVICE_ITEM EXISTING_SERVICE ON EXISTING_SERVICE.ID = R.SERVICE_ID JOIN MB_SERVICE_ITEM NEW_SERVICE ON NEW_SERVICE.ID = ? WHERE R.STATUS IN ('REQUESTED', 'CONFIRMED') AND R.RESERVATION_DATE_TIME < ? + NUMTODSINTERVAL(NEW_SERVICE.DURATION_MINUTES, 'MINUTE') AND R.RESERVATION_DATE_TIME + NUMTODSINTERVAL(EXISTING_SERVICE.DURATION_MINUTES, 'MINUTE') > ?
2026-07-10T16:16:41.269+09:00 DEBUG 18936 --- [marinboy-mybatis] [nio-8082-exec-9] c.m.d.S.countOverlappingReservation      : ==> Parameters: 1(Long), 2026-07-11T11:00(LocalDateTime), 2026-07-11T11:00(LocalDateTime)
2026-07-10T16:16:41.272+09:00 DEBUG 18936 --- [marinboy-mybatis] [nio-8082-exec-9] c.m.d.S.countOverlappingReservation      : <==      Total: 1
2026-07-10T16:16:41.272+09:00 DEBUG 18936 --- [marinboy-mybatis] [nio-8082-exec-9] c.m.d.S.countOverlappingReservation      : ==>  Preparing: SELECT COUNT(*) FROM MB_RESERVATION R JOIN MB_SERVICE_ITEM EXISTING_SERVICE ON EXISTING_SERVICE.ID = R.SERVICE_ID JOIN MB_SERVICE_ITEM NEW_SERVICE ON NEW_SERVICE.ID = ? WHERE R.STATUS IN ('REQUESTED', 'CONFIRMED') AND R.RESERVATION_DATE_TIME < ? + NUMTODSINTERVAL(NEW_SERVICE.DURATION_MINUTES, 'MINUTE') AND R.RESERVATION_DATE_TIME + NUMTODSINTERVAL(EXISTING_SERVICE.DURATION_MINUTES, 'MINUTE') > ?
2026-07-10T16:16:41.273+09:00 DEBUG 18936 --- [marinboy-mybatis] [nio-8082-exec-9] c.m.d.S.countOverlappingReservation      : ==> Parameters: 1(Long), 2026-07-11T11:30(LocalDateTime), 2026-07-11T11:30(LocalDateTime)
2026-07-10T16:16:41.274+09:00 DEBUG 18936 --- [marinboy-mybatis] [nio-8082-exec-9] c.m.d.S.countOverlappingReservation      : <==      Total: 1
2026-07-10T16:16:41.275+09:00 DEBUG 18936 --- [marinboy-mybatis] [nio-8082-exec-9] c.m.d.S.countOverlappingReservation      : ==>  Preparing: SELECT COUNT(*) FROM MB_RESERVATION R JOIN MB_SERVICE_ITEM EXISTING_SERVICE ON EXISTING_SERVICE.ID = R.SERVICE_ID JOIN MB_SERVICE_ITEM NEW_SERVICE ON NEW_SERVICE.ID = ? WHERE R.STATUS IN ('REQUESTED', 'CONFIRMED') AND R.RESERVATION_DATE_TIME < ? + NUMTODSINTERVAL(NEW_SERVICE.DURATION_MINUTES, 'MINUTE') AND R.RESERVATION_DATE_TIME + NUMTODSINTERVAL(EXISTING_SERVICE.DURATION_MINUTES, 'MINUTE') > ?
2026-07-10T16:16:41.276+09:00 DEBUG 18936 --- [marinboy-mybatis] [nio-8082-exec-9] c.m.d.S.countOverlappingReservation      : ==> Parameters: 1(Long), 2026-07-11T12:00(LocalDateTime), 2026-07-11T12:00(LocalDateTime)
2026-07-10T16:16:41.277+09:00 DEBUG 18936 --- [marinboy-mybatis] [nio-8082-exec-9] c.m.d.S.countOverlappingReservation      : <==      Total: 1
2026-07-10T16:16:41.278+09:00 DEBUG 18936 --- [marinboy-mybatis] [nio-8082-exec-9] c.m.d.S.countOverlappingReservation      : ==>  Preparing: SELECT COUNT(*) FROM MB_RESERVATION R JOIN MB_SERVICE_ITEM EXISTING_SERVICE ON EXISTING_SERVICE.ID = R.SERVICE_ID JOIN MB_SERVICE_ITEM NEW_SERVICE ON NEW_SERVICE.ID = ? WHERE R.STATUS IN ('REQUESTED', 'CONFIRMED') AND R.RESERVATION_DATE_TIME < ? + NUMTODSINTERVAL(NEW_SERVICE.DURATION_MINUTES, 'MINUTE') AND R.RESERVATION_DATE_TIME + NUMTODSINTERVAL(EXISTING_SERVICE.DURATION_MINUTES, 'MINUTE') > ?
2026-07-10T16:16:41.279+09:00 DEBUG 18936 --- [marinboy-mybatis] [nio-8082-exec-9] c.m.d.S.countOverlappingReservation      : ==> Parameters: 1(Long), 2026-07-11T12:30(LocalDateTime), 2026-07-11T12:30(LocalDateTime)
2026-07-10T16:16:41.280+09:00 DEBUG 18936 --- [marinboy-mybatis] [nio-8082-exec-9] c.m.d.S.countOverlappingReservation      : <==      Total: 1
2026-07-10T16:16:41.281+09:00 DEBUG 18936 --- [marinboy-mybatis] [nio-8082-exec-9] c.m.d.S.countOverlappingReservation      : ==>  Preparing: SELECT COUNT(*) FROM MB_RESERVATION R JOIN MB_SERVICE_ITEM EXISTING_SERVICE ON EXISTING_SERVICE.ID = R.SERVICE_ID JOIN MB_SERVICE_ITEM NEW_SERVICE ON NEW_SERVICE.ID = ? WHERE R.STATUS IN ('REQUESTED', 'CONFIRMED') AND R.RESERVATION_DATE_TIME < ? + NUMTODSINTERVAL(NEW_SERVICE.DURATION_MINUTES, 'MINUTE') AND R.RESERVATION_DATE_TIME + NUMTODSINTERVAL(EXISTING_SERVICE.DURATION_MINUTES, 'MINUTE') > ?
2026-07-10T16:16:41.281+09:00 DEBUG 18936 --- [marinboy-mybatis] [nio-8082-exec-9] c.m.d.S.countOverlappingReservation      : ==> Parameters: 1(Long), 2026-07-11T13:00(LocalDateTime), 2026-07-11T13:00(LocalDateTime)
2026-07-10T16:16:41.282+09:00 DEBUG 18936 --- [marinboy-mybatis] [nio-8082-exec-9] c.m.d.S.countOverlappingReservation      : <==      Total: 1
2026-07-10T16:16:41.283+09:00 DEBUG 18936 --- [marinboy-mybatis] [nio-8082-exec-9] c.m.d.S.countOverlappingReservation      : ==>  Preparing: SELECT COUNT(*) FROM MB_RESERVATION R JOIN MB_SERVICE_ITEM EXISTING_SERVICE ON EXISTING_SERVICE.ID = R.SERVICE_ID JOIN MB_SERVICE_ITEM NEW_SERVICE ON NEW_SERVICE.ID = ? WHERE R.STATUS IN ('REQUESTED', 'CONFIRMED') AND R.RESERVATION_DATE_TIME < ? + NUMTODSINTERVAL(NEW_SERVICE.DURATION_MINUTES, 'MINUTE') AND R.RESERVATION_DATE_TIME + NUMTODSINTERVAL(EXISTING_SERVICE.DURATION_MINUTES, 'MINUTE') > ?
2026-07-10T16:16:41.284+09:00 DEBUG 18936 --- [marinboy-mybatis] [nio-8082-exec-9] c.m.d.S.countOverlappingReservation      : ==> Parameters: 1(Long), 2026-07-11T13:30(LocalDateTime), 2026-07-11T13:30(LocalDateTime)
2026-07-10T16:16:41.285+09:00 DEBUG 18936 --- [marinboy-mybatis] [nio-8082-exec-9] c.m.d.S.countOverlappingReservation      : <==      Total: 1
2026-07-10T16:16:41.286+09:00 DEBUG 18936 --- [marinboy-mybatis] [nio-8082-exec-9] c.m.d.S.countOverlappingReservation      : ==>  Preparing: SELECT COUNT(*) FROM MB_RESERVATION R JOIN MB_SERVICE_ITEM EXISTING_SERVICE ON EXISTING_SERVICE.ID = R.SERVICE_ID JOIN MB_SERVICE_ITEM NEW_SERVICE ON NEW_SERVICE.ID = ? WHERE R.STATUS IN ('REQUESTED', 'CONFIRMED') AND R.RESERVATION_DATE_TIME < ? + NUMTODSINTERVAL(NEW_SERVICE.DURATION_MINUTES, 'MINUTE') AND R.RESERVATION_DATE_TIME + NUMTODSINTERVAL(EXISTING_SERVICE.DURATION_MINUTES, 'MINUTE') > ?
2026-07-10T16:16:41.286+09:00 DEBUG 18936 --- [marinboy-mybatis] [nio-8082-exec-9] c.m.d.S.countOverlappingReservation      : ==> Parameters: 1(Long), 2026-07-11T14:00(LocalDateTime), 2026-07-11T14:00(LocalDateTime)
2026-07-10T16:16:41.287+09:00 DEBUG 18936 --- [marinboy-mybatis] [nio-8082-exec-9] c.m.d.S.countOverlappingReservation      : <==      Total: 1
2026-07-10T16:16:41.288+09:00 DEBUG 18936 --- [marinboy-mybatis] [nio-8082-exec-9] c.m.d.S.countOverlappingReservation      : ==>  Preparing: SELECT COUNT(*) FROM MB_RESERVATION R JOIN MB_SERVICE_ITEM EXISTING_SERVICE ON EXISTING_SERVICE.ID = R.SERVICE_ID JOIN MB_SERVICE_ITEM NEW_SERVICE ON NEW_SERVICE.ID = ? WHERE R.STATUS IN ('REQUESTED', 'CONFIRMED') AND R.RESERVATION_DATE_TIME < ? + NUMTODSINTERVAL(NEW_SERVICE.DURATION_MINUTES, 'MINUTE') AND R.RESERVATION_DATE_TIME + NUMTODSINTERVAL(EXISTING_SERVICE.DURATION_MINUTES, 'MINUTE') > ?
2026-07-10T16:16:41.288+09:00 DEBUG 18936 --- [marinboy-mybatis] [nio-8082-exec-9] c.m.d.S.countOverlappingReservation      : ==> Parameters: 1(Long), 2026-07-11T14:30(LocalDateTime), 2026-07-11T14:30(LocalDateTime)
2026-07-10T16:16:41.289+09:00 DEBUG 18936 --- [marinboy-mybatis] [nio-8082-exec-9] c.m.d.S.countOverlappingReservation      : <==      Total: 1
2026-07-10T16:16:41.290+09:00 DEBUG 18936 --- [marinboy-mybatis] [nio-8082-exec-9] c.m.d.S.countOverlappingReservation      : ==>  Preparing: SELECT COUNT(*) FROM MB_RESERVATION R JOIN MB_SERVICE_ITEM EXISTING_SERVICE ON EXISTING_SERVICE.ID = R.SERVICE_ID JOIN MB_SERVICE_ITEM NEW_SERVICE ON NEW_SERVICE.ID = ? WHERE R.STATUS IN ('REQUESTED', 'CONFIRMED') AND R.RESERVATION_DATE_TIME < ? + NUMTODSINTERVAL(NEW_SERVICE.DURATION_MINUTES, 'MINUTE') AND R.RESERVATION_DATE_TIME + NUMTODSINTERVAL(EXISTING_SERVICE.DURATION_MINUTES, 'MINUTE') > ?
2026-07-10T16:16:41.290+09:00 DEBUG 18936 --- [marinboy-mybatis] [nio-8082-exec-9] c.m.d.S.countOverlappingReservation      : ==> Parameters: 1(Long), 2026-07-11T15:00(LocalDateTime), 2026-07-11T15:00(LocalDateTime)
2026-07-10T16:16:41.291+09:00 DEBUG 18936 --- [marinboy-mybatis] [nio-8082-exec-9] c.m.d.S.countOverlappingReservation      : <==      Total: 1
2026-07-10T16:16:41.292+09:00 DEBUG 18936 --- [marinboy-mybatis] [nio-8082-exec-9] c.m.d.S.countOverlappingReservation      : ==>  Preparing: SELECT COUNT(*) FROM MB_RESERVATION R JOIN MB_SERVICE_ITEM EXISTING_SERVICE ON EXISTING_SERVICE.ID = R.SERVICE_ID JOIN MB_SERVICE_ITEM NEW_SERVICE ON NEW_SERVICE.ID = ? WHERE R.STATUS IN ('REQUESTED', 'CONFIRMED') AND R.RESERVATION_DATE_TIME < ? + NUMTODSINTERVAL(NEW_SERVICE.DURATION_MINUTES, 'MINUTE') AND R.RESERVATION_DATE_TIME + NUMTODSINTERVAL(EXISTING_SERVICE.DURATION_MINUTES, 'MINUTE') > ?
2026-07-10T16:16:41.292+09:00 DEBUG 18936 --- [marinboy-mybatis] [nio-8082-exec-9] c.m.d.S.countOverlappingReservation      : ==> Parameters: 1(Long), 2026-07-11T15:30(LocalDateTime), 2026-07-11T15:30(LocalDateTime)
2026-07-10T16:16:41.293+09:00 DEBUG 18936 --- [marinboy-mybatis] [nio-8082-exec-9] c.m.d.S.countOverlappingReservation      : <==      Total: 1
2026-07-10T16:16:41.294+09:00 DEBUG 18936 --- [marinboy-mybatis] [nio-8082-exec-9] c.m.d.S.countOverlappingReservation      : ==>  Preparing: SELECT COUNT(*) FROM MB_RESERVATION R JOIN MB_SERVICE_ITEM EXISTING_SERVICE ON EXISTING_SERVICE.ID = R.SERVICE_ID JOIN MB_SERVICE_ITEM NEW_SERVICE ON NEW_SERVICE.ID = ? WHERE R.STATUS IN ('REQUESTED', 'CONFIRMED') AND R.RESERVATION_DATE_TIME < ? + NUMTODSINTERVAL(NEW_SERVICE.DURATION_MINUTES, 'MINUTE') AND R.RESERVATION_DATE_TIME + NUMTODSINTERVAL(EXISTING_SERVICE.DURATION_MINUTES, 'MINUTE') > ?
2026-07-10T16:16:41.294+09:00 DEBUG 18936 --- [marinboy-mybatis] [nio-8082-exec-9] c.m.d.S.countOverlappingReservation      : ==> Parameters: 1(Long), 2026-07-11T16:00(LocalDateTime), 2026-07-11T16:00(LocalDateTime)
2026-07-10T16:16:41.296+09:00 DEBUG 18936 --- [marinboy-mybatis] [nio-8082-exec-9] c.m.d.S.countOverlappingReservation      : <==      Total: 1
2026-07-10T16:16:41.296+09:00 DEBUG 18936 --- [marinboy-mybatis] [nio-8082-exec-9] c.m.d.S.countOverlappingReservation      : ==>  Preparing: SELECT COUNT(*) FROM MB_RESERVATION R JOIN MB_SERVICE_ITEM EXISTING_SERVICE ON EXISTING_SERVICE.ID = R.SERVICE_ID JOIN MB_SERVICE_ITEM NEW_SERVICE ON NEW_SERVICE.ID = ? WHERE R.STATUS IN ('REQUESTED', 'CONFIRMED') AND R.RESERVATION_DATE_TIME < ? + NUMTODSINTERVAL(NEW_SERVICE.DURATION_MINUTES, 'MINUTE') AND R.RESERVATION_DATE_TIME + NUMTODSINTERVAL(EXISTING_SERVICE.DURATION_MINUTES, 'MINUTE') > ?
2026-07-10T16:16:41.297+09:00 DEBUG 18936 --- [marinboy-mybatis] [nio-8082-exec-9] c.m.d.S.countOverlappingReservation      : ==> Parameters: 1(Long), 2026-07-11T16:30(LocalDateTime), 2026-07-11T16:30(LocalDateTime)
2026-07-10T16:16:41.298+09:00 DEBUG 18936 --- [marinboy-mybatis] [nio-8082-exec-9] c.m.d.S.countOverlappingReservation      : <==      Total: 1
2026-07-10T16:16:41.298+09:00 DEBUG 18936 --- [marinboy-mybatis] [nio-8082-exec-9] c.m.d.S.countOverlappingReservation      : ==>  Preparing: SELECT COUNT(*) FROM MB_RESERVATION R JOIN MB_SERVICE_ITEM EXISTING_SERVICE ON EXISTING_SERVICE.ID = R.SERVICE_ID JOIN MB_SERVICE_ITEM NEW_SERVICE ON NEW_SERVICE.ID = ? WHERE R.STATUS IN ('REQUESTED', 'CONFIRMED') AND R.RESERVATION_DATE_TIME < ? + NUMTODSINTERVAL(NEW_SERVICE.DURATION_MINUTES, 'MINUTE') AND R.RESERVATION_DATE_TIME + NUMTODSINTERVAL(EXISTING_SERVICE.DURATION_MINUTES, 'MINUTE') > ?
2026-07-10T16:16:41.299+09:00 DEBUG 18936 --- [marinboy-mybatis] [nio-8082-exec-9] c.m.d.S.countOverlappingReservation      : ==> Parameters: 1(Long), 2026-07-11T17:00(LocalDateTime), 2026-07-11T17:00(LocalDateTime)
2026-07-10T16:16:41.301+09:00 DEBUG 18936 --- [marinboy-mybatis] [nio-8082-exec-9] c.m.d.S.countOverlappingReservation      : <==      Total: 1
2026-07-13T12:15:29.862+09:00 DEBUG 18936 --- [marinboy-mybatis] [nio-8082-exec-5] c.m.dao.SalonServiceDao.findAllServices  : ==>  Preparing: SELECT ID, NAME, CATEGORY, DURATION_MINUTES, PRICE, DESCRIPTION, TOP_RANK FROM MB_SERVICE_ITEM ORDER BY NVL(TOP_RANK, 99), ID
2026-07-13T12:15:29.890+09:00 DEBUG 18936 --- [marinboy-mybatis] [nio-8082-exec-5] c.m.dao.SalonServiceDao.findAllServices  : ==> Parameters: 
2026-07-13T12:15:29.921+09:00 DEBUG 18936 --- [marinboy-mybatis] [nio-8082-exec-5] c.m.dao.SalonServiceDao.findAllServices  : <==      Total: 6
2026-07-13T12:15:29.925+09:00 DEBUG 18936 --- [marinboy-mybatis] [nio-8082-exec-5] c.m.d.S.findAllServiceImages             : ==>  Preparing: SELECT SERVICE_ID, IMAGE_URL, IMAGE_TYPE FROM MB_SERVICE_IMAGE ORDER BY SERVICE_ID, IMAGE_TYPE DESC, SORT_ORDER, ID
2026-07-13T12:15:29.925+09:00 DEBUG 18936 --- [marinboy-mybatis] [nio-8082-exec-5] c.m.d.S.findAllServiceImages             : ==> Parameters: 
2026-07-13T12:15:29.931+09:00 DEBUG 18936 --- [marinboy-mybatis] [nio-8082-exec-5] c.m.d.S.findAllServiceImages             : <==      Total: 7
[INFO] ------------------------------------------------------------------------
[INFO] BUILD FAILURE
[INFO] ------------------------------------------------------------------------
[INFO] Total time:  2 d 20:00 h
[INFO] Finished at: 2026-07-13T12:15:49+09:00
[INFO] ------------------------------------------------------------------------
[ERROR] Failed to execute goal org.springframework.boot:spring-boot-maven-plugin:3.5.3:run (default-cli) on project marinboy-mybatis: Process terminated with exit code: -1 -> [Help 1]
[ERROR] 
[ERROR] To see the full stack trace of the errors, re-run Maven with the -e switch.
[ERROR] Re-run Maven using the -X switch to enable full debug logging.
[ERROR] 
[ERROR] For more information about the errors and possible solutions, please read the following articles:
[ERROR] [Help 1] http://cwiki.apache.org/confluence/display/MAVEN/MojoExecutionException
